{"C:\\Users\\Gabriel Carvalho\\Projetos\\curso-node-react\\node\\modulo-002\\src\\app.ts": {"path":"C:\\Users\\Gabriel Carvalho\\Projetos\\curso-node-react\\node\\modulo-002\\src\\app.ts","statementMap":{"0":{"start":{"line":1,"column":53},"end":{"line":1,"column":107}},"1":{"start":{"line":1,"column":109},"end":{"line":1,"column":169}},"2":{"start":{"line":1,"column":184},"end":{"line":1,"column":202}},"3":{"start":{"line":1,"column":220},"end":{"line":1,"column":252}},"4":{"start":{"line":2,"column":12},"end":{"line":2,"column":27}},"5":{"start":{"line":2,"column":42},"end":{"line":2,"column":71}},"6":{"start":{"line":3,"column":12},"end":{"line":3,"column":27}},"7":{"start":{"line":3,"column":42},"end":{"line":3,"column":71}},"8":{"start":{"line":4,"column":14},"end":{"line":4,"column":33}},"9":{"start":{"line":4,"column":50},"end":{"line":4,"column":81}},"10":{"start":{"line":6,"column":0},"end":{"line":6,"column":22}},"11":{"start":{"line":13,"column":8},"end":{"line":13,"column":55}},"12":{"start":{"line":14,"column":8},"end":{"line":14,"column":27}},"13":{"start":{"line":15,"column":8},"end":{"line":15,"column":22}},"14":{"start":{"line":19,"column":8},"end":{"line":19,"column":50}},"15":{"start":{"line":20,"column":8},"end":{"line":20,"column":55}},"16":{"start":{"line":21,"column":8},"end":{"line":24,"column":10}},"17":{"start":{"line":28,"column":8},"end":{"line":30,"column":11}},"18":{"start":{"line":29,"column":12},"end":{"line":29,"column":35}},"19":{"start":{"line":34,"column":0},"end":{"line":34,"column":36}}},"fnMap":{"0":{"name":"_interopRequireDefault","decl":{"start":{"line":1,"column":23},"end":{"line":1,"column":45}},"loc":{"start":{"line":1,"column":51},"end":{"line":1,"column":109}},"line":1},"1":{"name":"(anonymous_1)","decl":{"start":{"line":12,"column":5},"end":{"line":12,"column":6}},"loc":{"start":{"line":12,"column":19},"end":{"line":16,"column":5}},"line":12},"2":{"name":"(anonymous_2)","decl":{"start":{"line":18,"column":5},"end":{"line":18,"column":6}},"loc":{"start":{"line":18,"column":19},"end":{"line":25,"column":5}},"line":18},"3":{"name":"(anonymous_3)","decl":{"start":{"line":27,"column":5},"end":{"line":27,"column":6}},"loc":{"start":{"line":27,"column":14},"end":{"line":31,"column":5}},"line":27},"4":{"name":"(anonymous_4)","decl":{"start":{"line":28,"column":33},"end":{"line":28,"column":34}},"loc":{"start":{"line":28,"column":42},"end":{"line":30,"column":9}},"line":28}},"branchMap":{"0":{"loc":{"start":{"line":1,"column":60},"end":{"line":1,"column":106}},"type":"cond-expr","locations":[{"start":{"line":1,"column":84},"end":{"line":1,"column":87}},{"start":{"line":1,"column":90},"end":{"line":1,"column":106}}],"line":1},"1":{"loc":{"start":{"line":1,"column":60},"end":{"line":1,"column":81}},"type":"binary-expr","locations":[{"start":{"line":1,"column":60},"end":{"line":1,"column":63}},{"start":{"line":1,"column":67},"end":{"line":1,"column":81}}],"line":1}},"s":{"0":4,"1":1,"2":1,"3":1,"4":1,"5":1,"6":1,"7":1,"8":1,"9":1,"10":1,"11":1,"12":1,"13":1,"14":1,"15":1,"16":1,"17":1,"18":7,"19":1},"f":{"0":4,"1":1,"2":1,"3":1,"4":7},"b":{"0":[1,3],"1":[4,4]},"_coverageSchema":"43e27e138ebf9cfc5966b082cf9a028302ed4184","hash":"10d16eaeaf4218f656f3c69a9778df83303eb11a"}
,"C:\\Users\\Gabriel Carvalho\\Projetos\\curso-node-react\\node\\modulo-002\\src\\routes.ts": {"path":"C:\\Users\\Gabriel Carvalho\\Projetos\\curso-node-react\\node\\modulo-002\\src\\routes.ts","statementMap":{"0":{"start":{"line":1,"column":53},"end":{"line":1,"column":107}},"1":{"start":{"line":1,"column":109},"end":{"line":1,"column":169}},"2":{"start":{"line":2,"column":14},"end":{"line":2,"column":47}},"3":{"start":{"line":2,"column":64},"end":{"line":2,"column":95}},"4":{"start":{"line":3,"column":15},"end":{"line":3,"column":51}},"5":{"start":{"line":3,"column":68},"end":{"line":3,"column":100}},"6":{"start":{"line":4,"column":15},"end":{"line":4,"column":48}},"7":{"start":{"line":4,"column":65},"end":{"line":4,"column":97}},"8":{"start":{"line":5,"column":15},"end":{"line":5,"column":52}},"9":{"start":{"line":5,"column":69},"end":{"line":5,"column":101}},"10":{"start":{"line":6,"column":15},"end":{"line":6,"column":55}},"11":{"start":{"line":6,"column":73},"end":{"line":6,"column":105}},"12":{"start":{"line":7,"column":16},"end":{"line":7,"column":53}},"13":{"start":{"line":7,"column":71},"end":{"line":7,"column":104}},"14":{"start":{"line":8,"column":16},"end":{"line":8,"column":57}},"15":{"start":{"line":8,"column":75},"end":{"line":8,"column":108}},"16":{"start":{"line":11,"column":19},"end":{"line":19,"column":1}},"17":{"start":{"line":21,"column":0},"end":{"line":21,"column":30}}},"fnMap":{"0":{"name":"_interopRequireDefault","decl":{"start":{"line":1,"column":23},"end":{"line":1,"column":45}},"loc":{"start":{"line":1,"column":51},"end":{"line":1,"column":109}},"line":1}},"branchMap":{"0":{"loc":{"start":{"line":1,"column":60},"end":{"line":1,"column":106}},"type":"cond-expr","locations":[{"start":{"line":1,"column":84},"end":{"line":1,"column":87}},{"start":{"line":1,"column":90},"end":{"line":1,"column":106}}],"line":1},"1":{"loc":{"start":{"line":1,"column":60},"end":{"line":1,"column":81}},"type":"binary-expr","locations":[{"start":{"line":1,"column":60},"end":{"line":1,"column":63}},{"start":{"line":1,"column":67},"end":{"line":1,"column":81}}],"line":1}},"s":{"0":7,"1":1,"2":1,"3":1,"4":1,"5":1,"6":1,"7":1,"8":1,"9":1,"10":1,"11":1,"12":1,"13":1,"14":1,"15":1,"16":1,"17":1},"f":{"0":7},"b":{"0":[7,0],"1":[7,7]},"_coverageSchema":"43e27e138ebf9cfc5966b082cf9a028302ed4184","hash":"c31bed55fbe4279e6e6e4b1b52cfaeb55acb0ab1"}
,"C:\\Users\\Gabriel Carvalho\\Projetos\\curso-node-react\\node\\modulo-002\\src\\app\\core\\appointment\\appointment-controller.ts": {"path":"C:\\Users\\Gabriel Carvalho\\Projetos\\curso-node-react\\node\\modulo-002\\src\\app\\core\\appointment\\appointment-controller.ts","statementMap":{"0":{"start":{"line":1,"column":53},"end":{"line":1,"column":107}},"1":{"start":{"line":1,"column":109},"end":{"line":1,"column":169}},"2":{"start":{"line":8,"column":15},"end":{"line":8,"column":34}},"3":{"start":{"line":9,"column":10},"end":{"line":9,"column":39}},"4":{"start":{"line":9,"column":52},"end":{"line":9,"column":79}},"5":{"start":{"line":10,"column":13},"end":{"line":10,"column":31}},"6":{"start":{"line":10,"column":47},"end":{"line":10,"column":77}},"7":{"start":{"line":11,"column":12},"end":{"line":11,"column":40}},"8":{"start":{"line":11,"column":55},"end":{"line":11,"column":84}},"9":{"start":{"line":12,"column":19},"end":{"line":12,"column":54}},"10":{"start":{"line":12,"column":76},"end":{"line":12,"column":112}},"11":{"start":{"line":13,"column":12},"end":{"line":13,"column":40}},"12":{"start":{"line":13,"column":55},"end":{"line":13,"column":84}},"13":{"start":{"line":14,"column":17},"end":{"line":14,"column":37}},"14":{"start":{"line":15,"column":21},"end":{"line":15,"column":59}},"15":{"start":{"line":15,"column":83},"end":{"line":15,"column":121}},"16":{"start":{"line":20,"column":29},"end":{"line":20,"column":38}},"17":{"start":{"line":23,"column":29},"end":{"line":43,"column":10}},"18":{"start":{"line":45,"column":8},"end":{"line":45,"column":38}},"19":{"start":{"line":49,"column":8},"end":{"line":51,"column":9}},"20":{"start":{"line":50,"column":12},"end":{"line":50,"column":71}},"21":{"start":{"line":53,"column":38},"end":{"line":53,"column":46}},"22":{"start":{"line":54,"column":27},"end":{"line":56,"column":10}},"23":{"start":{"line":58,"column":8},"end":{"line":62,"column":9}},"24":{"start":{"line":59,"column":12},"end":{"line":61,"column":15}},"25":{"start":{"line":64,"column":26},"end":{"line":64,"column":97}},"26":{"start":{"line":65,"column":24},"end":{"line":65,"column":93}},"27":{"start":{"line":67,"column":8},"end":{"line":69,"column":9}},"28":{"start":{"line":68,"column":12},"end":{"line":68,"column":88}},"29":{"start":{"line":71,"column":34},"end":{"line":82,"column":10}},"30":{"start":{"line":84,"column":8},"end":{"line":88,"column":9}},"31":{"start":{"line":85,"column":12},"end":{"line":87,"column":15}},"32":{"start":{"line":90,"column":27},"end":{"line":94,"column":10}},"33":{"start":{"line":96,"column":21},"end":{"line":96,"column":69}},"34":{"start":{"line":97,"column":24},"end":{"line":101,"column":9}},"35":{"start":{"line":103,"column":8},"end":{"line":106,"column":11}},"36":{"start":{"line":108,"column":8},"end":{"line":108,"column":36}},"37":{"start":{"line":112,"column":0},"end":{"line":112,"column":47}}},"fnMap":{"0":{"name":"_interopRequireDefault","decl":{"start":{"line":1,"column":23},"end":{"line":1,"column":45}},"loc":{"start":{"line":1,"column":51},"end":{"line":1,"column":109}},"line":1},"1":{"name":"(anonymous_1)","decl":{"start":{"line":19,"column":4},"end":{"line":19,"column":5}},"loc":{"start":{"line":19,"column":26},"end":{"line":46,"column":5}},"line":19},"2":{"name":"(anonymous_2)","decl":{"start":{"line":48,"column":4},"end":{"line":48,"column":5}},"loc":{"start":{"line":48,"column":26},"end":{"line":109,"column":5}},"line":48}},"branchMap":{"0":{"loc":{"start":{"line":1,"column":60},"end":{"line":1,"column":106}},"type":"cond-expr","locations":[{"start":{"line":1,"column":84},"end":{"line":1,"column":87}},{"start":{"line":1,"column":90},"end":{"line":1,"column":106}}],"line":1},"1":{"loc":{"start":{"line":1,"column":60},"end":{"line":1,"column":81}},"type":"binary-expr","locations":[{"start":{"line":1,"column":60},"end":{"line":1,"column":63}},{"start":{"line":1,"column":67},"end":{"line":1,"column":81}}],"line":1},"2":{"loc":{"start":{"line":20,"column":16},"end":{"line":20,"column":24}},"type":"default-arg","locations":[{"start":{"line":20,"column":23},"end":{"line":20,"column":24}}],"line":20},"3":{"loc":{"start":{"line":49,"column":8},"end":{"line":51,"column":9}},"type":"if","locations":[{"start":{"line":49,"column":8},"end":{"line":51,"column":9}},{"start":{"line":49,"column":8},"end":{"line":51,"column":9}}],"line":49},"4":{"loc":{"start":{"line":58,"column":8},"end":{"line":62,"column":9}},"type":"if","locations":[{"start":{"line":58,"column":8},"end":{"line":62,"column":9}},{"start":{"line":58,"column":8},"end":{"line":62,"column":9}}],"line":58},"5":{"loc":{"start":{"line":67,"column":8},"end":{"line":69,"column":9}},"type":"if","locations":[{"start":{"line":67,"column":8},"end":{"line":69,"column":9}},{"start":{"line":67,"column":8},"end":{"line":69,"column":9}}],"line":67},"6":{"loc":{"start":{"line":84,"column":8},"end":{"line":88,"column":9}},"type":"if","locations":[{"start":{"line":84,"column":8},"end":{"line":88,"column":9}},{"start":{"line":84,"column":8},"end":{"line":88,"column":9}}],"line":84}},"s":{"0":6,"1":1,"2":1,"3":1,"4":1,"5":1,"6":1,"7":1,"8":1,"9":1,"10":1,"11":1,"12":1,"13":1,"14":1,"15":1,"16":0,"17":0,"18":0,"19":0,"20":0,"21":0,"22":0,"23":0,"24":0,"25":0,"26":0,"27":0,"28":0,"29":0,"30":0,"31":0,"32":0,"33":0,"34":0,"35":0,"36":0,"37":1},"f":{"0":6,"1":0,"2":0},"b":{"0":[5,1],"1":[6,6],"2":[0],"3":[0,0],"4":[0,0],"5":[0,0],"6":[0,0]},"_coverageSchema":"43e27e138ebf9cfc5966b082cf9a028302ed4184","hash":"0004fd4aecdf6fb93cf37159d101afc4709079a3"}
,"C:\\Users\\Gabriel Carvalho\\Projetos\\curso-node-react\\node\\modulo-002\\src\\app\\core\\appointment\\routes.ts": {"path":"C:\\Users\\Gabriel Carvalho\\Projetos\\curso-node-react\\node\\modulo-002\\src\\app\\core\\appointment\\routes.ts","statementMap":{"0":{"start":{"line":1,"column":53},"end":{"line":1,"column":107}},"1":{"start":{"line":1,"column":109},"end":{"line":1,"column":169}},"2":{"start":{"line":1,"column":184},"end":{"line":1,"column":202}},"3":{"start":{"line":2,"column":29},"end":{"line":2,"column":64}},"4":{"start":{"line":2,"column":96},"end":{"line":2,"column":142}},"5":{"start":{"line":3,"column":12},"end":{"line":3,"column":45}},"6":{"start":{"line":3,"column":60},"end":{"line":3,"column":89}},"7":{"start":{"line":5,"column":27},"end":{"line":5,"column":57}},"8":{"start":{"line":7,"column":0},"end":{"line":7,"column":95}},"9":{"start":{"line":8,"column":0},"end":{"line":8,"column":96}},"10":{"start":{"line":10,"column":0},"end":{"line":10,"column":38}}},"fnMap":{"0":{"name":"_interopRequireDefault","decl":{"start":{"line":1,"column":23},"end":{"line":1,"column":45}},"loc":{"start":{"line":1,"column":51},"end":{"line":1,"column":109}},"line":1}},"branchMap":{"0":{"loc":{"start":{"line":1,"column":60},"end":{"line":1,"column":106}},"type":"cond-expr","locations":[{"start":{"line":1,"column":84},"end":{"line":1,"column":87}},{"start":{"line":1,"column":90},"end":{"line":1,"column":106}}],"line":1},"1":{"loc":{"start":{"line":1,"column":60},"end":{"line":1,"column":81}},"type":"binary-expr","locations":[{"start":{"line":1,"column":60},"end":{"line":1,"column":63}},{"start":{"line":1,"column":67},"end":{"line":1,"column":81}}],"line":1}},"s":{"0":2,"1":1,"2":1,"3":1,"4":1,"5":1,"6":1,"7":1,"8":1,"9":1,"10":1},"f":{"0":2},"b":{"0":[2,0],"1":[2,2]},"_coverageSchema":"43e27e138ebf9cfc5966b082cf9a028302ed4184","hash":"c627168b03b93e2741ee8902523d4037c1b1c7d0"}
,"C:\\Users\\Gabriel Carvalho\\Projetos\\curso-node-react\\node\\modulo-002\\src\\app\\core\\appointment\\scope.ts": {"path":"C:\\Users\\Gabriel Carvalho\\Projetos\\curso-node-react\\node\\modulo-002\\src\\app\\core\\appointment\\scope.ts","statementMap":{"0":{"start":{"line":1,"column":54},"end":{"line":1,"column":285}},"1":{"start":{"line":1,"column":83},"end":{"line":1,"column":94}},"2":{"start":{"line":1,"column":117},"end":{"line":1,"column":119}},"3":{"start":{"line":1,"column":121},"end":{"line":1,"column":246}},"4":{"start":{"line":1,"column":140},"end":{"line":1,"column":244}},"5":{"start":{"line":1,"column":163},"end":{"line":1,"column":242}},"6":{"start":{"line":1,"column":217},"end":{"line":1,"column":240}},"7":{"start":{"line":1,"column":247},"end":{"line":1,"column":268}},"8":{"start":{"line":1,"column":269},"end":{"line":1,"column":283}},"9":{"start":{"line":1,"column":287},"end":{"line":1,"column":347}},"10":{"start":{"line":1,"column":358},"end":{"line":1,"column":372}},"11":{"start":{"line":1,"column":384},"end":{"line":1,"column":413}},"12":{"start":{"line":9,"column":25},"end":{"line":17,"column":1}},"13":{"start":{"line":11,"column":23},"end":{"line":14,"column":10}},"14":{"start":{"line":15,"column":8},"end":{"line":15,"column":40}},"15":{"start":{"line":19,"column":0},"end":{"line":19,"column":36}}},"fnMap":{"0":{"name":"_interopRequireWildcard","decl":{"start":{"line":1,"column":23},"end":{"line":1,"column":46}},"loc":{"start":{"line":1,"column":52},"end":{"line":1,"column":287}},"line":1},"1":{"name":"(anonymous_1)","decl":{"start":{"line":10,"column":11},"end":{"line":10,"column":12}},"loc":{"start":{"line":10,"column":21},"end":{"line":16,"column":5}},"line":10}},"branchMap":{"0":{"loc":{"start":{"line":1,"column":54},"end":{"line":1,"column":285}},"type":"if","locations":[{"start":{"line":1,"column":54},"end":{"line":1,"column":285}},{"start":{"line":1,"column":54},"end":{"line":1,"column":285}}],"line":1},"1":{"loc":{"start":{"line":1,"column":58},"end":{"line":1,"column":79}},"type":"binary-expr","locations":[{"start":{"line":1,"column":58},"end":{"line":1,"column":61}},{"start":{"line":1,"column":65},"end":{"line":1,"column":79}}],"line":1},"2":{"loc":{"start":{"line":1,"column":121},"end":{"line":1,"column":246}},"type":"if","locations":[{"start":{"line":1,"column":121},"end":{"line":1,"column":246}},{"start":{"line":1,"column":121},"end":{"line":1,"column":246}}],"line":1},"3":{"loc":{"start":{"line":1,"column":163},"end":{"line":1,"column":242}},"type":"if","locations":[{"start":{"line":1,"column":163},"end":{"line":1,"column":242}},{"start":{"line":1,"column":163},"end":{"line":1,"column":242}}],"line":1}},"s":{"0":1,"1":1,"2":0,"3":0,"4":0,"5":0,"6":0,"7":0,"8":0,"9":1,"10":1,"11":1,"12":1,"13":0,"14":0,"15":1},"f":{"0":1,"1":0},"b":{"0":[1,0],"1":[1,1],"2":[0,0],"3":[0,0]},"_coverageSchema":"43e27e138ebf9cfc5966b082cf9a028302ed4184","hash":"f59c43d611beb14115bbd566c8668663976b4212"}
,"C:\\Users\\Gabriel Carvalho\\Projetos\\curso-node-react\\node\\modulo-002\\src\\app\\core\\file\\file-controller.ts": {"path":"C:\\Users\\Gabriel Carvalho\\Projetos\\curso-node-react\\node\\modulo-002\\src\\app\\core\\file\\file-controller.ts","statementMap":{"0":{"start":{"line":1,"column":53},"end":{"line":1,"column":107}},"1":{"start":{"line":1,"column":109},"end":{"line":1,"column":169}},"2":{"start":{"line":2,"column":12},"end":{"line":2,"column":40}},"3":{"start":{"line":2,"column":55},"end":{"line":2,"column":84}},"4":{"start":{"line":6,"column":55},"end":{"line":6,"column":63}},"5":{"start":{"line":8,"column":21},"end":{"line":12,"column":10}},"6":{"start":{"line":14,"column":8},"end":{"line":14,"column":30}},"7":{"start":{"line":18,"column":0},"end":{"line":18,"column":40}}},"fnMap":{"0":{"name":"_interopRequireDefault","decl":{"start":{"line":1,"column":23},"end":{"line":1,"column":45}},"loc":{"start":{"line":1,"column":51},"end":{"line":1,"column":109}},"line":1},"1":{"name":"(anonymous_1)","decl":{"start":{"line":5,"column":4},"end":{"line":5,"column":5}},"loc":{"start":{"line":5,"column":26},"end":{"line":15,"column":5}},"line":5}},"branchMap":{"0":{"loc":{"start":{"line":1,"column":60},"end":{"line":1,"column":106}},"type":"cond-expr","locations":[{"start":{"line":1,"column":84},"end":{"line":1,"column":87}},{"start":{"line":1,"column":90},"end":{"line":1,"column":106}}],"line":1},"1":{"loc":{"start":{"line":1,"column":60},"end":{"line":1,"column":81}},"type":"binary-expr","locations":[{"start":{"line":1,"column":60},"end":{"line":1,"column":63}},{"start":{"line":1,"column":67},"end":{"line":1,"column":81}}],"line":1}},"s":{"0":1,"1":1,"2":1,"3":1,"4":0,"5":0,"6":0,"7":1},"f":{"0":1,"1":0},"b":{"0":[1,0],"1":[1,1]},"_coverageSchema":"43e27e138ebf9cfc5966b082cf9a028302ed4184","hash":"ff9239c17b76789198bf72f1c72b4045ade31d71"}
,"C:\\Users\\Gabriel Carvalho\\Projetos\\curso-node-react\\node\\modulo-002\\src\\app\\core\\file\\routes.ts": {"path":"C:\\Users\\Gabriel Carvalho\\Projetos\\curso-node-react\\node\\modulo-002\\src\\app\\core\\file\\routes.ts","statementMap":{"0":{"start":{"line":1,"column":53},"end":{"line":1,"column":107}},"1":{"start":{"line":1,"column":109},"end":{"line":1,"column":169}},"2":{"start":{"line":1,"column":184},"end":{"line":1,"column":202}},"3":{"start":{"line":3,"column":14},"end":{"line":3,"column":31}},"4":{"start":{"line":3,"column":48},"end":{"line":3,"column":79}},"5":{"start":{"line":4,"column":15},"end":{"line":4,"column":48}},"6":{"start":{"line":4,"column":65},"end":{"line":4,"column":97}},"7":{"start":{"line":5,"column":12},"end":{"line":5,"column":45}},"8":{"start":{"line":5,"column":60},"end":{"line":5,"column":89}},"9":{"start":{"line":6,"column":22},"end":{"line":6,"column":50}},"10":{"start":{"line":6,"column":75},"end":{"line":6,"column":114}},"11":{"start":{"line":8,"column":15},"end":{"line":8,"column":62}},"12":{"start":{"line":11,"column":21},"end":{"line":11,"column":51}},"13":{"start":{"line":13,"column":0},"end":{"line":13,"column":99}},"14":{"start":{"line":15,"column":0},"end":{"line":15,"column":32}}},"fnMap":{"0":{"name":"_interopRequireDefault","decl":{"start":{"line":1,"column":23},"end":{"line":1,"column":45}},"loc":{"start":{"line":1,"column":51},"end":{"line":1,"column":109}},"line":1}},"branchMap":{"0":{"loc":{"start":{"line":1,"column":60},"end":{"line":1,"column":106}},"type":"cond-expr","locations":[{"start":{"line":1,"column":84},"end":{"line":1,"column":87}},{"start":{"line":1,"column":90},"end":{"line":1,"column":106}}],"line":1},"1":{"loc":{"start":{"line":1,"column":60},"end":{"line":1,"column":81}},"type":"binary-expr","locations":[{"start":{"line":1,"column":60},"end":{"line":1,"column":63}},{"start":{"line":1,"column":67},"end":{"line":1,"column":81}}],"line":1}},"s":{"0":4,"1":1,"2":1,"3":1,"4":1,"5":1,"6":1,"7":1,"8":1,"9":1,"10":1,"11":1,"12":1,"13":1,"14":1},"f":{"0":4},"b":{"0":[3,1],"1":[4,4]},"_coverageSchema":"43e27e138ebf9cfc5966b082cf9a028302ed4184","hash":"842602eeab5d0f952eb0d7353f5d98a61ee89117"}
,"C:\\Users\\Gabriel Carvalho\\Projetos\\curso-node-react\\node\\modulo-002\\src\\app\\core\\notification\\notification-controller.ts": {"path":"C:\\Users\\Gabriel Carvalho\\Projetos\\curso-node-react\\node\\modulo-002\\src\\app\\core\\notification\\notification-controller.ts","statementMap":{"0":{"start":{"line":1,"column":53},"end":{"line":1,"column":107}},"1":{"start":{"line":1,"column":109},"end":{"line":1,"column":169}},"2":{"start":{"line":1,"column":190},"end":{"line":1,"column":228}},"3":{"start":{"line":1,"column":252},"end":{"line":1,"column":290}},"4":{"start":{"line":3,"column":12},"end":{"line":3,"column":40}},"5":{"start":{"line":3,"column":55},"end":{"line":3,"column":84}},"6":{"start":{"line":7,"column":27},"end":{"line":7,"column":37}},"7":{"start":{"line":9,"column":27},"end":{"line":11,"column":10}},"8":{"start":{"line":13,"column":8},"end":{"line":17,"column":9}},"9":{"start":{"line":14,"column":12},"end":{"line":16,"column":15}},"10":{"start":{"line":19,"column":30},"end":{"line":19,"column":82}},"11":{"start":{"line":20,"column":8},"end":{"line":20,"column":39}},"12":{"start":{"line":24,"column":0},"end":{"line":24,"column":48}}},"fnMap":{"0":{"name":"_interopRequireDefault","decl":{"start":{"line":1,"column":23},"end":{"line":1,"column":45}},"loc":{"start":{"line":1,"column":51},"end":{"line":1,"column":109}},"line":1},"1":{"name":"(anonymous_1)","decl":{"start":{"line":6,"column":4},"end":{"line":6,"column":5}},"loc":{"start":{"line":6,"column":26},"end":{"line":21,"column":5}},"line":6}},"branchMap":{"0":{"loc":{"start":{"line":1,"column":60},"end":{"line":1,"column":106}},"type":"cond-expr","locations":[{"start":{"line":1,"column":84},"end":{"line":1,"column":87}},{"start":{"line":1,"column":90},"end":{"line":1,"column":106}}],"line":1},"1":{"loc":{"start":{"line":1,"column":60},"end":{"line":1,"column":81}},"type":"binary-expr","locations":[{"start":{"line":1,"column":60},"end":{"line":1,"column":63}},{"start":{"line":1,"column":67},"end":{"line":1,"column":81}}],"line":1},"2":{"loc":{"start":{"line":13,"column":8},"end":{"line":17,"column":9}},"type":"if","locations":[{"start":{"line":13,"column":8},"end":{"line":17,"column":9}},{"start":{"line":13,"column":8},"end":{"line":17,"column":9}}],"line":13}},"s":{"0":2,"1":1,"2":1,"3":1,"4":1,"5":1,"6":0,"7":0,"8":0,"9":0,"10":0,"11":0,"12":1},"f":{"0":2,"1":0},"b":{"0":[2,0],"1":[2,2],"2":[0,0]},"_coverageSchema":"43e27e138ebf9cfc5966b082cf9a028302ed4184","hash":"c0aa4d350c0073d2987b8be9bdd151dba2c49328"}
,"C:\\Users\\Gabriel Carvalho\\Projetos\\curso-node-react\\node\\modulo-002\\src\\app\\core\\notification\\routes.ts": {"path":"C:\\Users\\Gabriel Carvalho\\Projetos\\curso-node-react\\node\\modulo-002\\src\\app\\core\\notification\\routes.ts","statementMap":{"0":{"start":{"line":1,"column":53},"end":{"line":1,"column":107}},"1":{"start":{"line":1,"column":109},"end":{"line":1,"column":169}},"2":{"start":{"line":1,"column":184},"end":{"line":1,"column":202}},"3":{"start":{"line":2,"column":30},"end":{"line":2,"column":66}},"4":{"start":{"line":2,"column":99},"end":{"line":2,"column":146}},"5":{"start":{"line":3,"column":12},"end":{"line":3,"column":45}},"6":{"start":{"line":3,"column":60},"end":{"line":3,"column":89}},"7":{"start":{"line":5,"column":29},"end":{"line":5,"column":59}},"8":{"start":{"line":7,"column":0},"end":{"line":7,"column":99}},"9":{"start":{"line":9,"column":0},"end":{"line":9,"column":40}}},"fnMap":{"0":{"name":"_interopRequireDefault","decl":{"start":{"line":1,"column":23},"end":{"line":1,"column":45}},"loc":{"start":{"line":1,"column":51},"end":{"line":1,"column":109}},"line":1}},"branchMap":{"0":{"loc":{"start":{"line":1,"column":60},"end":{"line":1,"column":106}},"type":"cond-expr","locations":[{"start":{"line":1,"column":84},"end":{"line":1,"column":87}},{"start":{"line":1,"column":90},"end":{"line":1,"column":106}}],"line":1},"1":{"loc":{"start":{"line":1,"column":60},"end":{"line":1,"column":81}},"type":"binary-expr","locations":[{"start":{"line":1,"column":60},"end":{"line":1,"column":63}},{"start":{"line":1,"column":67},"end":{"line":1,"column":81}}],"line":1}},"s":{"0":2,"1":1,"2":1,"3":1,"4":1,"5":1,"6":1,"7":1,"8":1,"9":1},"f":{"0":2},"b":{"0":[2,0],"1":[2,2]},"_coverageSchema":"43e27e138ebf9cfc5966b082cf9a028302ed4184","hash":"ccd38633ba6879a6a0cea84ba2f19d3578063265"}
,"C:\\Users\\Gabriel Carvalho\\Projetos\\curso-node-react\\node\\modulo-002\\src\\app\\core\\provider\\provider-controller.ts": {"path":"C:\\Users\\Gabriel Carvalho\\Projetos\\curso-node-react\\node\\modulo-002\\src\\app\\core\\provider\\provider-controller.ts","statementMap":{"0":{"start":{"line":1,"column":53},"end":{"line":1,"column":107}},"1":{"start":{"line":1,"column":109},"end":{"line":1,"column":169}},"2":{"start":{"line":2,"column":12},"end":{"line":2,"column":40}},"3":{"start":{"line":2,"column":55},"end":{"line":2,"column":84}},"4":{"start":{"line":3,"column":12},"end":{"line":3,"column":40}},"5":{"start":{"line":3,"column":55},"end":{"line":3,"column":84}},"6":{"start":{"line":8,"column":8},"end":{"line":8,"column":12}},"7":{"start":{"line":9,"column":26},"end":{"line":20,"column":10}},"8":{"start":{"line":22,"column":8},"end":{"line":22,"column":35}},"9":{"start":{"line":27,"column":0},"end":{"line":27,"column":44}}},"fnMap":{"0":{"name":"_interopRequireDefault","decl":{"start":{"line":1,"column":23},"end":{"line":1,"column":45}},"loc":{"start":{"line":1,"column":51},"end":{"line":1,"column":109}},"line":1},"1":{"name":"(anonymous_1)","decl":{"start":{"line":7,"column":4},"end":{"line":7,"column":5}},"loc":{"start":{"line":7,"column":26},"end":{"line":23,"column":5}},"line":7}},"branchMap":{"0":{"loc":{"start":{"line":1,"column":60},"end":{"line":1,"column":106}},"type":"cond-expr","locations":[{"start":{"line":1,"column":84},"end":{"line":1,"column":87}},{"start":{"line":1,"column":90},"end":{"line":1,"column":106}}],"line":1},"1":{"loc":{"start":{"line":1,"column":60},"end":{"line":1,"column":81}},"type":"binary-expr","locations":[{"start":{"line":1,"column":60},"end":{"line":1,"column":63}},{"start":{"line":1,"column":67},"end":{"line":1,"column":81}}],"line":1}},"s":{"0":2,"1":1,"2":1,"3":1,"4":1,"5":1,"6":0,"7":0,"8":0,"9":1},"f":{"0":2,"1":0},"b":{"0":[2,0],"1":[2,2]},"_coverageSchema":"43e27e138ebf9cfc5966b082cf9a028302ed4184","hash":"63374b260c2033535a515ee440c87fd4d8271d5a"}
,"C:\\Users\\Gabriel Carvalho\\Projetos\\curso-node-react\\node\\modulo-002\\src\\app\\core\\provider\\routes.ts": {"path":"C:\\Users\\Gabriel Carvalho\\Projetos\\curso-node-react\\node\\modulo-002\\src\\app\\core\\provider\\routes.ts","statementMap":{"0":{"start":{"line":1,"column":53},"end":{"line":1,"column":107}},"1":{"start":{"line":1,"column":109},"end":{"line":1,"column":169}},"2":{"start":{"line":1,"column":184},"end":{"line":1,"column":202}},"3":{"start":{"line":2,"column":26},"end":{"line":2,"column":58}},"4":{"start":{"line":2,"column":87},"end":{"line":2,"column":130}},"5":{"start":{"line":4,"column":25},"end":{"line":4,"column":55}},"6":{"start":{"line":6,"column":0},"end":{"line":6,"column":71}},"7":{"start":{"line":8,"column":0},"end":{"line":8,"column":36}}},"fnMap":{"0":{"name":"_interopRequireDefault","decl":{"start":{"line":1,"column":23},"end":{"line":1,"column":45}},"loc":{"start":{"line":1,"column":51},"end":{"line":1,"column":109}},"line":1}},"branchMap":{"0":{"loc":{"start":{"line":1,"column":60},"end":{"line":1,"column":106}},"type":"cond-expr","locations":[{"start":{"line":1,"column":84},"end":{"line":1,"column":87}},{"start":{"line":1,"column":90},"end":{"line":1,"column":106}}],"line":1},"1":{"loc":{"start":{"line":1,"column":60},"end":{"line":1,"column":81}},"type":"binary-expr","locations":[{"start":{"line":1,"column":60},"end":{"line":1,"column":63}},{"start":{"line":1,"column":67},"end":{"line":1,"column":81}}],"line":1}},"s":{"0":1,"1":1,"2":1,"3":1,"4":1,"5":1,"6":1,"7":1},"f":{"0":1},"b":{"0":[1,0],"1":[1,1]},"_coverageSchema":"43e27e138ebf9cfc5966b082cf9a028302ed4184","hash":"4e6154d2c6b326216604dc48840a4db8657cf889"}
,"C:\\Users\\Gabriel Carvalho\\Projetos\\curso-node-react\\node\\modulo-002\\src\\app\\core\\schedule\\routes.ts": {"path":"C:\\Users\\Gabriel Carvalho\\Projetos\\curso-node-react\\node\\modulo-002\\src\\app\\core\\schedule\\routes.ts","statementMap":{"0":{"start":{"line":1,"column":53},"end":{"line":1,"column":107}},"1":{"start":{"line":1,"column":109},"end":{"line":1,"column":169}},"2":{"start":{"line":1,"column":184},"end":{"line":1,"column":202}},"3":{"start":{"line":2,"column":12},"end":{"line":2,"column":45}},"4":{"start":{"line":2,"column":60},"end":{"line":2,"column":89}},"5":{"start":{"line":3,"column":26},"end":{"line":3,"column":58}},"6":{"start":{"line":3,"column":87},"end":{"line":3,"column":130}},"7":{"start":{"line":5,"column":24},"end":{"line":5,"column":54}},"8":{"start":{"line":7,"column":0},"end":{"line":7,"column":85}},"9":{"start":{"line":9,"column":0},"end":{"line":9,"column":35}}},"fnMap":{"0":{"name":"_interopRequireDefault","decl":{"start":{"line":1,"column":23},"end":{"line":1,"column":45}},"loc":{"start":{"line":1,"column":51},"end":{"line":1,"column":109}},"line":1}},"branchMap":{"0":{"loc":{"start":{"line":1,"column":60},"end":{"line":1,"column":106}},"type":"cond-expr","locations":[{"start":{"line":1,"column":84},"end":{"line":1,"column":87}},{"start":{"line":1,"column":90},"end":{"line":1,"column":106}}],"line":1},"1":{"loc":{"start":{"line":1,"column":60},"end":{"line":1,"column":81}},"type":"binary-expr","locations":[{"start":{"line":1,"column":60},"end":{"line":1,"column":63}},{"start":{"line":1,"column":67},"end":{"line":1,"column":81}}],"line":1}},"s":{"0":2,"1":1,"2":1,"3":1,"4":1,"5":1,"6":1,"7":1,"8":1,"9":1},"f":{"0":2},"b":{"0":[2,0],"1":[2,2]},"_coverageSchema":"43e27e138ebf9cfc5966b082cf9a028302ed4184","hash":"8646f9b476f3748f76cd6e8b7cd43dd9912b1f79"}
,"C:\\Users\\Gabriel Carvalho\\Projetos\\curso-node-react\\node\\modulo-002\\src\\app\\core\\schedule\\schedule-controller.ts": {"path":"C:\\Users\\Gabriel Carvalho\\Projetos\\curso-node-react\\node\\modulo-002\\src\\app\\core\\schedule\\schedule-controller.ts","statementMap":{"0":{"start":{"line":1,"column":53},"end":{"line":1,"column":107}},"1":{"start":{"line":1,"column":109},"end":{"line":1,"column":169}},"2":{"start":{"line":2,"column":12},"end":{"line":2,"column":40}},"3":{"start":{"line":2,"column":55},"end":{"line":2,"column":84}},"4":{"start":{"line":3,"column":19},"end":{"line":3,"column":54}},"5":{"start":{"line":3,"column":76},"end":{"line":3,"column":112}},"6":{"start":{"line":4,"column":15},"end":{"line":4,"column":34}},"7":{"start":{"line":5,"column":17},"end":{"line":5,"column":37}},"8":{"start":{"line":9,"column":27},"end":{"line":14,"column":10}},"9":{"start":{"line":16,"column":8},"end":{"line":20,"column":9}},"10":{"start":{"line":17,"column":12},"end":{"line":19,"column":15}},"11":{"start":{"line":22,"column":25},"end":{"line":22,"column":34}},"12":{"start":{"line":23,"column":27},"end":{"line":23,"column":63}},"13":{"start":{"line":25,"column":29},"end":{"line":37,"column":10}},"14":{"start":{"line":39,"column":8},"end":{"line":39,"column":38}},"15":{"start":{"line":43,"column":0},"end":{"line":43,"column":44}}},"fnMap":{"0":{"name":"_interopRequireDefault","decl":{"start":{"line":1,"column":23},"end":{"line":1,"column":45}},"loc":{"start":{"line":1,"column":51},"end":{"line":1,"column":109}},"line":1},"1":{"name":"(anonymous_1)","decl":{"start":{"line":8,"column":4},"end":{"line":8,"column":5}},"loc":{"start":{"line":8,"column":26},"end":{"line":40,"column":5}},"line":8}},"branchMap":{"0":{"loc":{"start":{"line":1,"column":60},"end":{"line":1,"column":106}},"type":"cond-expr","locations":[{"start":{"line":1,"column":84},"end":{"line":1,"column":87}},{"start":{"line":1,"column":90},"end":{"line":1,"column":106}}],"line":1},"1":{"loc":{"start":{"line":1,"column":60},"end":{"line":1,"column":81}},"type":"binary-expr","locations":[{"start":{"line":1,"column":60},"end":{"line":1,"column":63}},{"start":{"line":1,"column":67},"end":{"line":1,"column":81}}],"line":1},"2":{"loc":{"start":{"line":16,"column":8},"end":{"line":20,"column":9}},"type":"if","locations":[{"start":{"line":16,"column":8},"end":{"line":20,"column":9}},{"start":{"line":16,"column":8},"end":{"line":20,"column":9}}],"line":16}},"s":{"0":2,"1":1,"2":1,"3":1,"4":1,"5":1,"6":1,"7":1,"8":0,"9":0,"10":0,"11":0,"12":0,"13":0,"14":0,"15":1},"f":{"0":2,"1":0},"b":{"0":[2,0],"1":[2,2],"2":[0,0]},"_coverageSchema":"43e27e138ebf9cfc5966b082cf9a028302ed4184","hash":"8229ab592586e12995f2a7153d3ac1c75e667e1a"}
,"C:\\Users\\Gabriel Carvalho\\Projetos\\curso-node-react\\node\\modulo-002\\src\\app\\core\\session\\routes.ts": {"path":"C:\\Users\\Gabriel Carvalho\\Projetos\\curso-node-react\\node\\modulo-002\\src\\app\\core\\session\\routes.ts","statementMap":{"0":{"start":{"line":1,"column":53},"end":{"line":1,"column":107}},"1":{"start":{"line":1,"column":109},"end":{"line":1,"column":169}},"2":{"start":{"line":1,"column":184},"end":{"line":1,"column":202}},"3":{"start":{"line":2,"column":25},"end":{"line":2,"column":56}},"4":{"start":{"line":2,"column":84},"end":{"line":2,"column":126}},"5":{"start":{"line":4,"column":23},"end":{"line":4,"column":53}},"6":{"start":{"line":6,"column":0},"end":{"line":6,"column":67}},"7":{"start":{"line":8,"column":0},"end":{"line":8,"column":34}}},"fnMap":{"0":{"name":"_interopRequireDefault","decl":{"start":{"line":1,"column":23},"end":{"line":1,"column":45}},"loc":{"start":{"line":1,"column":51},"end":{"line":1,"column":109}},"line":1}},"branchMap":{"0":{"loc":{"start":{"line":1,"column":60},"end":{"line":1,"column":106}},"type":"cond-expr","locations":[{"start":{"line":1,"column":84},"end":{"line":1,"column":87}},{"start":{"line":1,"column":90},"end":{"line":1,"column":106}}],"line":1},"1":{"loc":{"start":{"line":1,"column":60},"end":{"line":1,"column":81}},"type":"binary-expr","locations":[{"start":{"line":1,"column":60},"end":{"line":1,"column":63}},{"start":{"line":1,"column":67},"end":{"line":1,"column":81}}],"line":1}},"s":{"0":1,"1":1,"2":1,"3":1,"4":1,"5":1,"6":1,"7":1},"f":{"0":1},"b":{"0":[1,0],"1":[1,1]},"_coverageSchema":"43e27e138ebf9cfc5966b082cf9a028302ed4184","hash":"6c9032ec016abcef15b670938de4e4d42e239823"}
,"C:\\Users\\Gabriel Carvalho\\Projetos\\curso-node-react\\node\\modulo-002\\src\\app\\core\\session\\session-controller.ts": {"path":"C:\\Users\\Gabriel Carvalho\\Projetos\\curso-node-react\\node\\modulo-002\\src\\app\\core\\session\\session-controller.ts","statementMap":{"0":{"start":{"line":1,"column":54},"end":{"line":1,"column":285}},"1":{"start":{"line":1,"column":83},"end":{"line":1,"column":94}},"2":{"start":{"line":1,"column":117},"end":{"line":1,"column":119}},"3":{"start":{"line":1,"column":121},"end":{"line":1,"column":246}},"4":{"start":{"line":1,"column":140},"end":{"line":1,"column":244}},"5":{"start":{"line":1,"column":163},"end":{"line":1,"column":242}},"6":{"start":{"line":1,"column":217},"end":{"line":1,"column":240}},"7":{"start":{"line":1,"column":247},"end":{"line":1,"column":268}},"8":{"start":{"line":1,"column":269},"end":{"line":1,"column":283}},"9":{"start":{"line":1,"column":327},"end":{"line":1,"column":381}},"10":{"start":{"line":1,"column":383},"end":{"line":1,"column":443}},"11":{"start":{"line":1,"column":454},"end":{"line":1,"column":468}},"12":{"start":{"line":1,"column":480},"end":{"line":1,"column":509}},"13":{"start":{"line":2,"column":20},"end":{"line":2,"column":43}},"14":{"start":{"line":2,"column":66},"end":{"line":2,"column":103}},"15":{"start":{"line":4,"column":12},"end":{"line":4,"column":40}},"16":{"start":{"line":4,"column":55},"end":{"line":4,"column":84}},"17":{"start":{"line":5,"column":12},"end":{"line":5,"column":43}},"18":{"start":{"line":9,"column":23},"end":{"line":17,"column":10}},"19":{"start":{"line":19,"column":8},"end":{"line":21,"column":9}},"20":{"start":{"line":20,"column":12},"end":{"line":20,"column":72}},"21":{"start":{"line":22,"column":36},"end":{"line":22,"column":44}},"22":{"start":{"line":23,"column":21},"end":{"line":23,"column":71}},"23":{"start":{"line":25,"column":8},"end":{"line":27,"column":9}},"24":{"start":{"line":26,"column":12},"end":{"line":26,"column":79}},"25":{"start":{"line":29,"column":8},"end":{"line":31,"column":9}},"26":{"start":{"line":30,"column":12},"end":{"line":30,"column":72}},"27":{"start":{"line":33,"column":29},"end":{"line":33,"column":33}},"28":{"start":{"line":35,"column":8},"end":{"line":44,"column":10}},"29":{"start":{"line":49,"column":0},"end":{"line":49,"column":43}}},"fnMap":{"0":{"name":"_interopRequireWildcard","decl":{"start":{"line":1,"column":23},"end":{"line":1,"column":46}},"loc":{"start":{"line":1,"column":52},"end":{"line":1,"column":287}},"line":1},"1":{"name":"_interopRequireDefault","decl":{"start":{"line":1,"column":297},"end":{"line":1,"column":319}},"loc":{"start":{"line":1,"column":325},"end":{"line":1,"column":383}},"line":1},"2":{"name":"(anonymous_2)","decl":{"start":{"line":8,"column":4},"end":{"line":8,"column":5}},"loc":{"start":{"line":8,"column":26},"end":{"line":45,"column":5}},"line":8}},"branchMap":{"0":{"loc":{"start":{"line":1,"column":54},"end":{"line":1,"column":285}},"type":"if","locations":[{"start":{"line":1,"column":54},"end":{"line":1,"column":285}},{"start":{"line":1,"column":54},"end":{"line":1,"column":285}}],"line":1},"1":{"loc":{"start":{"line":1,"column":58},"end":{"line":1,"column":79}},"type":"binary-expr","locations":[{"start":{"line":1,"column":58},"end":{"line":1,"column":61}},{"start":{"line":1,"column":65},"end":{"line":1,"column":79}}],"line":1},"2":{"loc":{"start":{"line":1,"column":121},"end":{"line":1,"column":246}},"type":"if","locations":[{"start":{"line":1,"column":121},"end":{"line":1,"column":246}},{"start":{"line":1,"column":121},"end":{"line":1,"column":246}}],"line":1},"3":{"loc":{"start":{"line":1,"column":163},"end":{"line":1,"column":242}},"type":"if","locations":[{"start":{"line":1,"column":163},"end":{"line":1,"column":242}},{"start":{"line":1,"column":163},"end":{"line":1,"column":242}}],"line":1},"4":{"loc":{"start":{"line":1,"column":334},"end":{"line":1,"column":380}},"type":"cond-expr","locations":[{"start":{"line":1,"column":358},"end":{"line":1,"column":361}},{"start":{"line":1,"column":364},"end":{"line":1,"column":380}}],"line":1},"5":{"loc":{"start":{"line":1,"column":334},"end":{"line":1,"column":355}},"type":"binary-expr","locations":[{"start":{"line":1,"column":334},"end":{"line":1,"column":337}},{"start":{"line":1,"column":341},"end":{"line":1,"column":355}}],"line":1},"6":{"loc":{"start":{"line":19,"column":8},"end":{"line":21,"column":9}},"type":"if","locations":[{"start":{"line":19,"column":8},"end":{"line":21,"column":9}},{"start":{"line":19,"column":8},"end":{"line":21,"column":9}}],"line":19},"7":{"loc":{"start":{"line":25,"column":8},"end":{"line":27,"column":9}},"type":"if","locations":[{"start":{"line":25,"column":8},"end":{"line":27,"column":9}},{"start":{"line":25,"column":8},"end":{"line":27,"column":9}}],"line":25},"8":{"loc":{"start":{"line":29,"column":8},"end":{"line":31,"column":9}},"type":"if","locations":[{"start":{"line":29,"column":8},"end":{"line":31,"column":9}},{"start":{"line":29,"column":8},"end":{"line":31,"column":9}}],"line":29}},"s":{"0":1,"1":1,"2":0,"3":0,"4":0,"5":0,"6":0,"7":0,"8":0,"9":2,"10":1,"11":1,"12":1,"13":1,"14":1,"15":1,"16":1,"17":1,"18":1,"19":1,"20":0,"21":1,"22":1,"23":1,"24":0,"25":1,"26":0,"27":1,"28":1,"29":1},"f":{"0":1,"1":2,"2":1},"b":{"0":[1,0],"1":[1,1],"2":[0,0],"3":[0,0],"4":[1,1],"5":[2,2],"6":[0,1],"7":[0,1],"8":[0,1]},"_coverageSchema":"43e27e138ebf9cfc5966b082cf9a028302ed4184","hash":"2e08fac7188676a96231abda01410611c9d8a317"}
,"C:\\Users\\Gabriel Carvalho\\Projetos\\curso-node-react\\node\\modulo-002\\src\\app\\core\\user\\routes.ts": {"path":"C:\\Users\\Gabriel Carvalho\\Projetos\\curso-node-react\\node\\modulo-002\\src\\app\\core\\user\\routes.ts","statementMap":{"0":{"start":{"line":1,"column":53},"end":{"line":1,"column":107}},"1":{"start":{"line":1,"column":109},"end":{"line":1,"column":169}},"2":{"start":{"line":1,"column":184},"end":{"line":1,"column":202}},"3":{"start":{"line":3,"column":12},"end":{"line":3,"column":45}},"4":{"start":{"line":3,"column":60},"end":{"line":3,"column":89}},"5":{"start":{"line":4,"column":22},"end":{"line":4,"column":50}},"6":{"start":{"line":4,"column":75},"end":{"line":4,"column":114}},"7":{"start":{"line":6,"column":20},"end":{"line":6,"column":50}},"8":{"start":{"line":8,"column":0},"end":{"line":8,"column":59}},"9":{"start":{"line":9,"column":0},"end":{"line":9,"column":75}},"10":{"start":{"line":11,"column":0},"end":{"line":11,"column":31}}},"fnMap":{"0":{"name":"_interopRequireDefault","decl":{"start":{"line":1,"column":23},"end":{"line":1,"column":45}},"loc":{"start":{"line":1,"column":51},"end":{"line":1,"column":109}},"line":1}},"branchMap":{"0":{"loc":{"start":{"line":1,"column":60},"end":{"line":1,"column":106}},"type":"cond-expr","locations":[{"start":{"line":1,"column":84},"end":{"line":1,"column":87}},{"start":{"line":1,"column":90},"end":{"line":1,"column":106}}],"line":1},"1":{"loc":{"start":{"line":1,"column":60},"end":{"line":1,"column":81}},"type":"binary-expr","locations":[{"start":{"line":1,"column":60},"end":{"line":1,"column":63}},{"start":{"line":1,"column":67},"end":{"line":1,"column":81}}],"line":1}},"s":{"0":2,"1":1,"2":1,"3":1,"4":1,"5":1,"6":1,"7":1,"8":1,"9":1,"10":1},"f":{"0":2},"b":{"0":[2,0],"1":[2,2]},"_coverageSchema":"43e27e138ebf9cfc5966b082cf9a028302ed4184","hash":"2342ba66af8c417a2aeede607620476afe766792"}
,"C:\\Users\\Gabriel Carvalho\\Projetos\\curso-node-react\\node\\modulo-002\\src\\app\\core\\user\\scope.ts": {"path":"C:\\Users\\Gabriel Carvalho\\Projetos\\curso-node-react\\node\\modulo-002\\src\\app\\core\\user\\scope.ts","statementMap":{"0":{"start":{"line":1,"column":54},"end":{"line":1,"column":285}},"1":{"start":{"line":1,"column":83},"end":{"line":1,"column":94}},"2":{"start":{"line":1,"column":117},"end":{"line":1,"column":119}},"3":{"start":{"line":1,"column":121},"end":{"line":1,"column":246}},"4":{"start":{"line":1,"column":140},"end":{"line":1,"column":244}},"5":{"start":{"line":1,"column":163},"end":{"line":1,"column":242}},"6":{"start":{"line":1,"column":217},"end":{"line":1,"column":240}},"7":{"start":{"line":1,"column":247},"end":{"line":1,"column":268}},"8":{"start":{"line":1,"column":269},"end":{"line":1,"column":283}},"9":{"start":{"line":1,"column":287},"end":{"line":1,"column":347}},"10":{"start":{"line":1,"column":358},"end":{"line":1,"column":372}},"11":{"start":{"line":1,"column":384},"end":{"line":1,"column":413}},"12":{"start":{"line":11,"column":18},"end":{"line":40,"column":1}},"13":{"start":{"line":13,"column":23},"end":{"line":17,"column":10}},"14":{"start":{"line":19,"column":8},"end":{"line":19,"column":40}},"15":{"start":{"line":23,"column":23},"end":{"line":36,"column":10}},"16":{"start":{"line":29,"column":40},"end":{"line":29,"column":78}},"17":{"start":{"line":34,"column":20},"end":{"line":34,"column":84}},"18":{"start":{"line":38,"column":8},"end":{"line":38,"column":40}},"19":{"start":{"line":42,"column":0},"end":{"line":42,"column":29}}},"fnMap":{"0":{"name":"_interopRequireWildcard","decl":{"start":{"line":1,"column":23},"end":{"line":1,"column":46}},"loc":{"start":{"line":1,"column":52},"end":{"line":1,"column":287}},"line":1},"1":{"name":"(anonymous_1)","decl":{"start":{"line":12,"column":11},"end":{"line":12,"column":12}},"loc":{"start":{"line":12,"column":21},"end":{"line":20,"column":5}},"line":12},"2":{"name":"(anonymous_2)","decl":{"start":{"line":22,"column":12},"end":{"line":22,"column":13}},"loc":{"start":{"line":22,"column":22},"end":{"line":39,"column":5}},"line":22},"3":{"name":"(anonymous_3)","decl":{"start":{"line":29,"column":16},"end":{"line":29,"column":17}},"loc":{"start":{"line":29,"column":40},"end":{"line":29,"column":78}},"line":29},"4":{"name":"(anonymous_4)","decl":{"start":{"line":33,"column":16},"end":{"line":33,"column":17}},"loc":{"start":{"line":34,"column":20},"end":{"line":34,"column":84}},"line":34}},"branchMap":{"0":{"loc":{"start":{"line":1,"column":54},"end":{"line":1,"column":285}},"type":"if","locations":[{"start":{"line":1,"column":54},"end":{"line":1,"column":285}},{"start":{"line":1,"column":54},"end":{"line":1,"column":285}}],"line":1},"1":{"loc":{"start":{"line":1,"column":58},"end":{"line":1,"column":79}},"type":"binary-expr","locations":[{"start":{"line":1,"column":58},"end":{"line":1,"column":61}},{"start":{"line":1,"column":65},"end":{"line":1,"column":79}}],"line":1},"2":{"loc":{"start":{"line":1,"column":121},"end":{"line":1,"column":246}},"type":"if","locations":[{"start":{"line":1,"column":121},"end":{"line":1,"column":246}},{"start":{"line":1,"column":121},"end":{"line":1,"column":246}}],"line":1},"3":{"loc":{"start":{"line":1,"column":163},"end":{"line":1,"column":242}},"type":"if","locations":[{"start":{"line":1,"column":163},"end":{"line":1,"column":242}},{"start":{"line":1,"column":163},"end":{"line":1,"column":242}}],"line":1},"4":{"loc":{"start":{"line":29,"column":40},"end":{"line":29,"column":78}},"type":"cond-expr","locations":[{"start":{"line":29,"column":54},"end":{"line":29,"column":70}},{"start":{"line":29,"column":73},"end":{"line":29,"column":78}}],"line":29},"5":{"loc":{"start":{"line":34,"column":20},"end":{"line":34,"column":84}},"type":"cond-expr","locations":[{"start":{"line":34,"column":31},"end":{"line":34,"column":76}},{"start":{"line":34,"column":79},"end":{"line":34,"column":84}}],"line":34}},"s":{"0":1,"1":1,"2":0,"3":0,"4":0,"5":0,"6":0,"7":0,"8":0,"9":1,"10":1,"11":1,"12":1,"13":0,"14":0,"15":0,"16":0,"17":0,"18":0,"19":1},"f":{"0":1,"1":0,"2":0,"3":0,"4":0},"b":{"0":[1,0],"1":[1,1],"2":[0,0],"3":[0,0],"4":[0,0],"5":[0,0]},"_coverageSchema":"43e27e138ebf9cfc5966b082cf9a028302ed4184","hash":"4f522bf1bbed28e9594a35953e67f9ddc0ea6508"}
,"C:\\Users\\Gabriel Carvalho\\Projetos\\curso-node-react\\node\\modulo-002\\src\\app\\core\\user\\user-controller.ts": {"path":"C:\\Users\\Gabriel Carvalho\\Projetos\\curso-node-react\\node\\modulo-002\\src\\app\\core\\user\\user-controller.ts","statementMap":{"0":{"start":{"line":1,"column":53},"end":{"line":1,"column":107}},"1":{"start":{"line":1,"column":109},"end":{"line":1,"column":169}},"2":{"start":{"line":1,"column":181},"end":{"line":1,"column":209}},"3":{"start":{"line":1,"column":224},"end":{"line":1,"column":253}},"4":{"start":{"line":3,"column":13},"end":{"line":3,"column":31}},"5":{"start":{"line":3,"column":47},"end":{"line":3,"column":77}},"6":{"start":{"line":8,"column":8},"end":{"line":10,"column":9}},"7":{"start":{"line":9,"column":12},"end":{"line":9,"column":72}},"8":{"start":{"line":12,"column":19},"end":{"line":12,"column":85}},"9":{"start":{"line":13,"column":8},"end":{"line":15,"column":9}},"10":{"start":{"line":14,"column":12},"end":{"line":14,"column":76}},"11":{"start":{"line":17,"column":8},"end":{"line":17,"column":59}},"12":{"start":{"line":18,"column":8},"end":{"line":23,"column":11}},"13":{"start":{"line":29,"column":8},"end":{"line":31,"column":9}},"14":{"start":{"line":30,"column":12},"end":{"line":30,"column":72}},"15":{"start":{"line":33,"column":39},"end":{"line":33,"column":47}},"16":{"start":{"line":34,"column":27},"end":{"line":34,"column":37}},"17":{"start":{"line":36,"column":19},"end":{"line":36,"column":56}},"18":{"start":{"line":38,"column":8},"end":{"line":43,"column":9}},"19":{"start":{"line":39,"column":36},"end":{"line":39,"column":86}},"20":{"start":{"line":40,"column":12},"end":{"line":42,"column":13}},"21":{"start":{"line":41,"column":16},"end":{"line":41,"column":80}},"22":{"start":{"line":45,"column":8},"end":{"line":47,"column":9}},"23":{"start":{"line":46,"column":12},"end":{"line":46,"column":72}},"24":{"start":{"line":49,"column":8},"end":{"line":49,"column":43}},"25":{"start":{"line":51,"column":8},"end":{"line":56,"column":11}},"26":{"start":{"line":61,"column":0},"end":{"line":61,"column":40}}},"fnMap":{"0":{"name":"_interopRequireDefault","decl":{"start":{"line":1,"column":23},"end":{"line":1,"column":45}},"loc":{"start":{"line":1,"column":51},"end":{"line":1,"column":109}},"line":1},"1":{"name":"(anonymous_1)","decl":{"start":{"line":6,"column":4},"end":{"line":6,"column":5}},"loc":{"start":{"line":6,"column":26},"end":{"line":25,"column":5}},"line":6},"2":{"name":"(anonymous_2)","decl":{"start":{"line":27,"column":4},"end":{"line":27,"column":5}},"loc":{"start":{"line":27,"column":27},"end":{"line":58,"column":5}},"line":27}},"branchMap":{"0":{"loc":{"start":{"line":1,"column":60},"end":{"line":1,"column":106}},"type":"cond-expr","locations":[{"start":{"line":1,"column":84},"end":{"line":1,"column":87}},{"start":{"line":1,"column":90},"end":{"line":1,"column":106}}],"line":1},"1":{"loc":{"start":{"line":1,"column":60},"end":{"line":1,"column":81}},"type":"binary-expr","locations":[{"start":{"line":1,"column":60},"end":{"line":1,"column":63}},{"start":{"line":1,"column":67},"end":{"line":1,"column":81}}],"line":1},"2":{"loc":{"start":{"line":8,"column":8},"end":{"line":10,"column":9}},"type":"if","locations":[{"start":{"line":8,"column":8},"end":{"line":10,"column":9}},{"start":{"line":8,"column":8},"end":{"line":10,"column":9}}],"line":8},"3":{"loc":{"start":{"line":13,"column":8},"end":{"line":15,"column":9}},"type":"if","locations":[{"start":{"line":13,"column":8},"end":{"line":15,"column":9}},{"start":{"line":13,"column":8},"end":{"line":15,"column":9}}],"line":13},"4":{"loc":{"start":{"line":17,"column":43},"end":{"line":17,"column":57}},"type":"binary-expr","locations":[{"start":{"line":17,"column":43},"end":{"line":17,"column":51}},{"start":{"line":17,"column":55},"end":{"line":17,"column":57}}],"line":17},"5":{"loc":{"start":{"line":29,"column":8},"end":{"line":31,"column":9}},"type":"if","locations":[{"start":{"line":29,"column":8},"end":{"line":31,"column":9}},{"start":{"line":29,"column":8},"end":{"line":31,"column":9}}],"line":29},"6":{"loc":{"start":{"line":38,"column":8},"end":{"line":43,"column":9}},"type":"if","locations":[{"start":{"line":38,"column":8},"end":{"line":43,"column":9}},{"start":{"line":38,"column":8},"end":{"line":43,"column":9}}],"line":38},"7":{"loc":{"start":{"line":40,"column":12},"end":{"line":42,"column":13}},"type":"if","locations":[{"start":{"line":40,"column":12},"end":{"line":42,"column":13}},{"start":{"line":40,"column":12},"end":{"line":42,"column":13}}],"line":40},"8":{"loc":{"start":{"line":45,"column":8},"end":{"line":47,"column":9}},"type":"if","locations":[{"start":{"line":45,"column":8},"end":{"line":47,"column":9}},{"start":{"line":45,"column":8},"end":{"line":47,"column":9}}],"line":45},"9":{"loc":{"start":{"line":45,"column":12},"end":{"line":45,"column":79}},"type":"binary-expr","locations":[{"start":{"line":45,"column":12},"end":{"line":45,"column":23}},{"start":{"line":45,"column":27},"end":{"line":45,"column":79}}],"line":45}},"s":{"0":2,"1":1,"2":1,"3":1,"4":1,"5":1,"6":0,"7":0,"8":0,"9":0,"10":0,"11":0,"12":0,"13":0,"14":0,"15":0,"16":0,"17":0,"18":0,"19":0,"20":0,"21":0,"22":0,"23":0,"24":0,"25":0,"26":1},"f":{"0":2,"1":0,"2":0},"b":{"0":[2,0],"1":[2,2],"2":[0,0],"3":[0,0],"4":[0,0],"5":[0,0],"6":[0,0],"7":[0,0],"8":[0,0],"9":[0,0]},"_coverageSchema":"43e27e138ebf9cfc5966b082cf9a028302ed4184","hash":"67ceae7a9f0d71db1cfa3953ef5a1043d8260b6b"}
,"C:\\Users\\Gabriel Carvalho\\Projetos\\curso-node-react\\node\\modulo-002\\src\\app\\middlewares\\auth.ts": {"path":"C:\\Users\\Gabriel Carvalho\\Projetos\\curso-node-react\\node\\modulo-002\\src\\app\\middlewares\\auth.ts","statementMap":{"0":{"start":{"line":1,"column":53},"end":{"line":1,"column":107}},"1":{"start":{"line":1,"column":109},"end":{"line":1,"column":169}},"2":{"start":{"line":2,"column":12},"end":{"line":2,"column":27}},"3":{"start":{"line":3,"column":20},"end":{"line":3,"column":43}},"4":{"start":{"line":3,"column":66},"end":{"line":3,"column":103}},"5":{"start":{"line":4,"column":12},"end":{"line":4,"column":40}},"6":{"start":{"line":6,"column":0},"end":{"line":28,"column":2}},"7":{"start":{"line":7,"column":23},"end":{"line":7,"column":48}},"8":{"start":{"line":8,"column":4},"end":{"line":10,"column":5}},"9":{"start":{"line":9,"column":8},"end":{"line":9,"column":71}},"10":{"start":{"line":12,"column":22},"end":{"line":12,"column":43}},"11":{"start":{"line":14,"column":4},"end":{"line":27,"column":5}},"12":{"start":{"line":16,"column":23},"end":{"line":16,"column":115}},"13":{"start":{"line":17,"column":8},"end":{"line":17,"column":38}},"14":{"start":{"line":18,"column":8},"end":{"line":18,"column":22}},"15":{"start":{"line":22,"column":8},"end":{"line":25,"column":11}}},"fnMap":{"0":{"name":"_interopRequireDefault","decl":{"start":{"line":1,"column":23},"end":{"line":1,"column":45}},"loc":{"start":{"line":1,"column":51},"end":{"line":1,"column":109}},"line":1},"1":{"name":"(anonymous_1)","decl":{"start":{"line":6,"column":19},"end":{"line":6,"column":20}},"loc":{"start":{"line":6,"column":45},"end":{"line":28,"column":1}},"line":6}},"branchMap":{"0":{"loc":{"start":{"line":1,"column":60},"end":{"line":1,"column":106}},"type":"cond-expr","locations":[{"start":{"line":1,"column":84},"end":{"line":1,"column":87}},{"start":{"line":1,"column":90},"end":{"line":1,"column":106}}],"line":1},"1":{"loc":{"start":{"line":1,"column":60},"end":{"line":1,"column":81}},"type":"binary-expr","locations":[{"start":{"line":1,"column":60},"end":{"line":1,"column":63}},{"start":{"line":1,"column":67},"end":{"line":1,"column":81}}],"line":1},"2":{"loc":{"start":{"line":8,"column":4},"end":{"line":10,"column":5}},"type":"if","locations":[{"start":{"line":8,"column":4},"end":{"line":10,"column":5}},{"start":{"line":8,"column":4},"end":{"line":10,"column":5}}],"line":8}},"s":{"0":1,"1":1,"2":1,"3":1,"4":1,"5":1,"6":1,"7":0,"8":0,"9":0,"10":0,"11":0,"12":0,"13":0,"14":0,"15":0},"f":{"0":1,"1":0},"b":{"0":[0,1],"1":[1,1],"2":[0,0]},"_coverageSchema":"43e27e138ebf9cfc5966b082cf9a028302ed4184","hash":"e5858769887c72cadbb81fb559722a6118e8bf28"}
,"C:\\Users\\Gabriel Carvalho\\Projetos\\curso-node-react\\node\\modulo-002\\src\\app\\models\\appointment.ts": {"path":"C:\\Users\\Gabriel Carvalho\\Projetos\\curso-node-react\\node\\modulo-002\\src\\app\\models\\appointment.ts","statementMap":{"0":{"start":{"line":1,"column":13},"end":{"line":1,"column":73}},"1":{"start":{"line":1,"column":90},"end":{"line":1,"column":110}},"2":{"start":{"line":5,"column":8},"end":{"line":11,"column":11}},"3":{"start":{"line":15,"column":8},"end":{"line":15,"column":75}},"4":{"start":{"line":16,"column":8},"end":{"line":16,"column":83}},"5":{"start":{"line":20,"column":0},"end":{"line":20,"column":31}}},"fnMap":{"0":{"name":"(anonymous_0)","decl":{"start":{"line":4,"column":4},"end":{"line":4,"column":5}},"loc":{"start":{"line":4,"column":27},"end":{"line":12,"column":5}},"line":4},"1":{"name":"(anonymous_1)","decl":{"start":{"line":14,"column":4},"end":{"line":14,"column":5}},"loc":{"start":{"line":14,"column":29},"end":{"line":17,"column":5}},"line":14}},"branchMap":{},"s":{"0":1,"1":1,"2":1,"3":1,"4":1,"5":1},"f":{"0":1,"1":1},"b":{},"_coverageSchema":"43e27e138ebf9cfc5966b082cf9a028302ed4184","hash":"afd651d6b8d7fdc286227e3b0078d1963fcba35d"}
,"C:\\Users\\Gabriel Carvalho\\Projetos\\curso-node-react\\node\\modulo-002\\src\\app\\models\\file.ts": {"path":"C:\\Users\\Gabriel Carvalho\\Projetos\\curso-node-react\\node\\modulo-002\\src\\app\\models\\file.ts","statementMap":{"0":{"start":{"line":1,"column":13},"end":{"line":1,"column":73}},"1":{"start":{"line":1,"column":90},"end":{"line":1,"column":110}},"2":{"start":{"line":5,"column":8},"end":{"line":12,"column":11}},"3":{"start":{"line":16,"column":0},"end":{"line":16,"column":24}}},"fnMap":{"0":{"name":"(anonymous_0)","decl":{"start":{"line":4,"column":4},"end":{"line":4,"column":5}},"loc":{"start":{"line":4,"column":27},"end":{"line":13,"column":5}},"line":4}},"branchMap":{},"s":{"0":1,"1":1,"2":1,"3":1},"f":{"0":1},"b":{},"_coverageSchema":"43e27e138ebf9cfc5966b082cf9a028302ed4184","hash":"60e43fc0129687e014fce2f48ac598fd90ae604b"}
,"C:\\Users\\Gabriel Carvalho\\Projetos\\curso-node-react\\node\\modulo-002\\src\\app\\models\\index.ts": {"path":"C:\\Users\\Gabriel Carvalho\\Projetos\\curso-node-react\\node\\modulo-002\\src\\app\\models\\index.ts","statementMap":{"0":{"start":{"line":1,"column":53},"end":{"line":1,"column":107}},"1":{"start":{"line":1,"column":109},"end":{"line":1,"column":169}},"2":{"start":{"line":2,"column":12},"end":{"line":2,"column":29}},"3":{"start":{"line":2,"column":44},"end":{"line":2,"column":73}},"4":{"start":{"line":3,"column":12},"end":{"line":3,"column":29}},"5":{"start":{"line":3,"column":44},"end":{"line":3,"column":73}},"6":{"start":{"line":4,"column":19},"end":{"line":4,"column":43}},"7":{"start":{"line":4,"column":65},"end":{"line":4,"column":101}},"8":{"start":{"line":6,"column":22},"end":{"line":8,"column":1}},"9":{"start":{"line":8,"column":3},"end":{"line":8,"column":39}},"10":{"start":{"line":15,"column":15},"end":{"line":19,"column":1}},"11":{"start":{"line":21,"column":0},"end":{"line":21,"column":26}}},"fnMap":{"0":{"name":"_interopRequireDefault","decl":{"start":{"line":1,"column":23},"end":{"line":1,"column":45}},"loc":{"start":{"line":1,"column":51},"end":{"line":1,"column":109}},"line":1}},"branchMap":{"0":{"loc":{"start":{"line":1,"column":60},"end":{"line":1,"column":106}},"type":"cond-expr","locations":[{"start":{"line":1,"column":84},"end":{"line":1,"column":87}},{"start":{"line":1,"column":90},"end":{"line":1,"column":106}}],"line":1},"1":{"loc":{"start":{"line":1,"column":60},"end":{"line":1,"column":81}},"type":"binary-expr","locations":[{"start":{"line":1,"column":60},"end":{"line":1,"column":63}},{"start":{"line":1,"column":67},"end":{"line":1,"column":81}}],"line":1}},"s":{"0":3,"1":1,"2":1,"3":1,"4":1,"5":1,"6":1,"7":1,"8":1,"9":1,"10":1,"11":1},"f":{"0":3},"b":{"0":[3,0],"1":[3,3]},"_coverageSchema":"43e27e138ebf9cfc5966b082cf9a028302ed4184","hash":"077001eef44a4dcb1fcdb6a75e98f08f12cbf997"}
,"C:\\Users\\Gabriel Carvalho\\Projetos\\curso-node-react\\node\\modulo-002\\src\\app\\models\\user.ts": {"path":"C:\\Users\\Gabriel Carvalho\\Projetos\\curso-node-react\\node\\modulo-002\\src\\app\\models\\user.ts","statementMap":{"0":{"start":{"line":1,"column":53},"end":{"line":1,"column":107}},"1":{"start":{"line":1,"column":109},"end":{"line":1,"column":169}},"2":{"start":{"line":1,"column":186},"end":{"line":1,"column":206}},"3":{"start":{"line":2,"column":20},"end":{"line":2,"column":57}},"4":{"start":{"line":3,"column":14},"end":{"line":3,"column":31}},"5":{"start":{"line":3,"column":48},"end":{"line":3,"column":79}},"6":{"start":{"line":7,"column":8},"end":{"line":16,"column":11}},"7":{"start":{"line":18,"column":8},"end":{"line":22,"column":11}},"8":{"start":{"line":19,"column":12},"end":{"line":21,"column":13}},"9":{"start":{"line":20,"column":16},"end":{"line":20,"column":113}},"10":{"start":{"line":26,"column":8},"end":{"line":26,"column":75}},"11":{"start":{"line":30,"column":8},"end":{"line":30,"column":99}},"12":{"start":{"line":34,"column":0},"end":{"line":34,"column":24}}},"fnMap":{"0":{"name":"_interopRequireDefault","decl":{"start":{"line":1,"column":23},"end":{"line":1,"column":45}},"loc":{"start":{"line":1,"column":51},"end":{"line":1,"column":109}},"line":1},"1":{"name":"(anonymous_1)","decl":{"start":{"line":6,"column":4},"end":{"line":6,"column":5}},"loc":{"start":{"line":6,"column":27},"end":{"line":23,"column":5}},"line":6},"2":{"name":"(anonymous_2)","decl":{"start":{"line":18,"column":35},"end":{"line":18,"column":36}},"loc":{"start":{"line":18,"column":51},"end":{"line":22,"column":9}},"line":18},"3":{"name":"(anonymous_3)","decl":{"start":{"line":25,"column":4},"end":{"line":25,"column":5}},"loc":{"start":{"line":25,"column":29},"end":{"line":27,"column":5}},"line":25},"4":{"name":"(anonymous_4)","decl":{"start":{"line":29,"column":5},"end":{"line":29,"column":6}},"loc":{"start":{"line":29,"column":44},"end":{"line":31,"column":5}},"line":29}},"branchMap":{"0":{"loc":{"start":{"line":1,"column":60},"end":{"line":1,"column":106}},"type":"cond-expr","locations":[{"start":{"line":1,"column":84},"end":{"line":1,"column":87}},{"start":{"line":1,"column":90},"end":{"line":1,"column":106}}],"line":1},"1":{"loc":{"start":{"line":1,"column":60},"end":{"line":1,"column":81}},"type":"binary-expr","locations":[{"start":{"line":1,"column":60},"end":{"line":1,"column":63}},{"start":{"line":1,"column":67},"end":{"line":1,"column":81}}],"line":1},"2":{"loc":{"start":{"line":19,"column":12},"end":{"line":21,"column":13}},"type":"if","locations":[{"start":{"line":19,"column":12},"end":{"line":21,"column":13}},{"start":{"line":19,"column":12},"end":{"line":21,"column":13}}],"line":19}},"s":{"0":1,"1":1,"2":1,"3":1,"4":1,"5":1,"6":1,"7":1,"8":1,"9":1,"10":1,"11":1,"12":1},"f":{"0":1,"1":1,"2":1,"3":1,"4":1},"b":{"0":[0,1],"1":[1,1],"2":[1,0]},"_coverageSchema":"43e27e138ebf9cfc5966b082cf9a028302ed4184","hash":"7343cdb5ab9e6c2df5e37cf0010b208f908a06f5"}
,"C:\\Users\\Gabriel Carvalho\\Projetos\\curso-node-react\\node\\modulo-002\\src\\app\\schemas\\notifications.ts": {"path":"C:\\Users\\Gabriel Carvalho\\Projetos\\curso-node-react\\node\\modulo-002\\src\\app\\schemas\\notifications.ts","statementMap":{"0":{"start":{"line":1,"column":53},"end":{"line":1,"column":107}},"1":{"start":{"line":1,"column":109},"end":{"line":1,"column":169}},"2":{"start":{"line":1,"column":185},"end":{"line":1,"column":204}},"3":{"start":{"line":1,"column":223},"end":{"line":1,"column":256}},"4":{"start":{"line":3,"column":28},"end":{"line":19,"column":2}},"5":{"start":{"line":21,"column":0},"end":{"line":21,"column":81}}},"fnMap":{"0":{"name":"_interopRequireDefault","decl":{"start":{"line":1,"column":23},"end":{"line":1,"column":45}},"loc":{"start":{"line":1,"column":51},"end":{"line":1,"column":109}},"line":1}},"branchMap":{"0":{"loc":{"start":{"line":1,"column":60},"end":{"line":1,"column":106}},"type":"cond-expr","locations":[{"start":{"line":1,"column":84},"end":{"line":1,"column":87}},{"start":{"line":1,"column":90},"end":{"line":1,"column":106}}],"line":1},"1":{"loc":{"start":{"line":1,"column":60},"end":{"line":1,"column":81}},"type":"binary-expr","locations":[{"start":{"line":1,"column":60},"end":{"line":1,"column":63}},{"start":{"line":1,"column":67},"end":{"line":1,"column":81}}],"line":1}},"s":{"0":1,"1":1,"2":1,"3":1,"4":1,"5":1},"f":{"0":1},"b":{"0":[0,1],"1":[1,1]},"_coverageSchema":"43e27e138ebf9cfc5966b082cf9a028302ed4184","hash":"c259ebf0f375698214df2d4e65e894ec5c12d98b"}
,"C:\\Users\\Gabriel Carvalho\\Projetos\\curso-node-react\\node\\modulo-002\\src\\config\\database.js": {"path":"C:\\Users\\Gabriel Carvalho\\Projetos\\curso-node-react\\node\\modulo-002\\src\\config\\database.js","statementMap":{"0":{"start":{"line":1,"column":13},"end":{"line":3,"column":3}},"1":{"start":{"line":6,"column":22},"end":{"line":18,"column":1}},"2":{"start":{"line":20,"column":0},"end":{"line":20,"column":31}}},"fnMap":{},"branchMap":{"0":{"loc":{"start":{"line":2,"column":10},"end":{"line":2,"column":76}},"type":"cond-expr","locations":[{"start":{"line":2,"column":56},"end":{"line":2,"column":67}},{"start":{"line":2,"column":70},"end":{"line":2,"column":76}}],"line":2}},"s":{"0":1,"1":1,"2":1},"f":{},"b":{"0":[1,0]},"_coverageSchema":"43e27e138ebf9cfc5966b082cf9a028302ed4184","hash":"e7305b16ef106504fe4b6f0a046baa75a239fd84"}
,"C:\\Users\\Gabriel Carvalho\\Projetos\\curso-node-react\\node\\modulo-002\\src\\config\\keys.expample.ts": {"path":"C:\\Users\\Gabriel Carvalho\\Projetos\\curso-node-react\\node\\modulo-002\\src\\config\\keys.expample.ts","statementMap":{"0":{"start":{"line":1,"column":13},"end":{"line":1,"column":73}},"1":{"start":{"line":1,"column":87},"end":{"line":4,"column":1}},"2":{"start":{"line":4,"column":3},"end":{"line":4,"column":22}}},"fnMap":{},"branchMap":{},"s":{"0":1,"1":1,"2":1},"f":{},"b":{},"_coverageSchema":"43e27e138ebf9cfc5966b082cf9a028302ed4184","hash":"d55b898f6e59d5ec0760751a1557e21bc4cf0131"}
,"C:\\Users\\Gabriel Carvalho\\Projetos\\curso-node-react\\node\\modulo-002\\src\\config\\keys.ts": {"path":"C:\\Users\\Gabriel Carvalho\\Projetos\\curso-node-react\\node\\modulo-002\\src\\config\\keys.ts","statementMap":{"0":{"start":{"line":1,"column":13},"end":{"line":1,"column":73}},"1":{"start":{"line":1,"column":87},"end":{"line":4,"column":1}},"2":{"start":{"line":4,"column":3},"end":{"line":4,"column":22}}},"fnMap":{},"branchMap":{},"s":{"0":1,"1":1,"2":1},"f":{},"b":{},"_coverageSchema":"43e27e138ebf9cfc5966b082cf9a028302ed4184","hash":"2423c2e4adf01c99fd71423914d67d10deaf2ade"}
,"C:\\Users\\Gabriel Carvalho\\Projetos\\curso-node-react\\node\\modulo-002\\src\\config\\multer.ts": {"path":"C:\\Users\\Gabriel Carvalho\\Projetos\\curso-node-react\\node\\modulo-002\\src\\config\\multer.ts","statementMap":{"0":{"start":{"line":1,"column":53},"end":{"line":1,"column":107}},"1":{"start":{"line":1,"column":109},"end":{"line":1,"column":169}},"2":{"start":{"line":1,"column":183},"end":{"line":1,"column":200}},"3":{"start":{"line":1,"column":217},"end":{"line":1,"column":248}},"4":{"start":{"line":2,"column":14},"end":{"line":2,"column":31}},"5":{"start":{"line":2,"column":48},"end":{"line":2,"column":79}},"6":{"start":{"line":3,"column":12},"end":{"line":3,"column":27}},"7":{"start":{"line":6,"column":0},"end":{"line":17,"column":1}},"8":{"start":{"line":10,"column":12},"end":{"line":14,"column":14}},"9":{"start":{"line":11,"column":16},"end":{"line":11,"column":50}},"10":{"start":{"line":11,"column":27},"end":{"line":11,"column":48}},"11":{"start":{"line":13,"column":16},"end":{"line":13,"column":107}}},"fnMap":{"0":{"name":"_interopRequireDefault","decl":{"start":{"line":1,"column":23},"end":{"line":1,"column":45}},"loc":{"start":{"line":1,"column":51},"end":{"line":1,"column":109}},"line":1},"1":{"name":"(anonymous_1)","decl":{"start":{"line":9,"column":18},"end":{"line":9,"column":19}},"loc":{"start":{"line":9,"column":43},"end":{"line":15,"column":9}},"line":9},"2":{"name":"(anonymous_2)","decl":{"start":{"line":10,"column":45},"end":{"line":10,"column":46}},"loc":{"start":{"line":10,"column":59},"end":{"line":14,"column":13}},"line":10}},"branchMap":{"0":{"loc":{"start":{"line":1,"column":60},"end":{"line":1,"column":106}},"type":"cond-expr","locations":[{"start":{"line":1,"column":84},"end":{"line":1,"column":87}},{"start":{"line":1,"column":90},"end":{"line":1,"column":106}}],"line":1},"1":{"loc":{"start":{"line":1,"column":60},"end":{"line":1,"column":81}},"type":"binary-expr","locations":[{"start":{"line":1,"column":60},"end":{"line":1,"column":63}},{"start":{"line":1,"column":67},"end":{"line":1,"column":81}}],"line":1},"2":{"loc":{"start":{"line":11,"column":16},"end":{"line":11,"column":50}},"type":"if","locations":[{"start":{"line":11,"column":16},"end":{"line":11,"column":50}},{"start":{"line":11,"column":16},"end":{"line":11,"column":50}}],"line":11}},"s":{"0":2,"1":1,"2":1,"3":1,"4":1,"5":1,"6":1,"7":1,"8":0,"9":0,"10":0,"11":0},"f":{"0":2,"1":0,"2":0},"b":{"0":[0,2],"1":[2,2],"2":[0,0]},"_coverageSchema":"43e27e138ebf9cfc5966b082cf9a028302ed4184","hash":"caf207132d416dc4e2e99b7e08be7a81c23e3156"}
,"C:\\Users\\Gabriel Carvalho\\Projetos\\curso-node-react\\node\\modulo-002\\src\\database\\index.ts": {"path":"C:\\Users\\Gabriel Carvalho\\Projetos\\curso-node-react\\node\\modulo-002\\src\\database\\index.ts","statementMap":{"0":{"start":{"line":1,"column":53},"end":{"line":1,"column":107}},"1":{"start":{"line":1,"column":109},"end":{"line":1,"column":169}},"2":{"start":{"line":1,"column":186},"end":{"line":1,"column":206}},"3":{"start":{"line":2,"column":8},"end":{"line":2,"column":33}},"4":{"start":{"line":2,"column":44},"end":{"line":2,"column":69}},"5":{"start":{"line":3,"column":16},"end":{"line":3,"column":35}},"6":{"start":{"line":3,"column":54},"end":{"line":3,"column":87}},"7":{"start":{"line":6,"column":22},"end":{"line":6,"column":51}},"8":{"start":{"line":14,"column":8},"end":{"line":14,"column":50}},"9":{"start":{"line":15,"column":8},"end":{"line":20,"column":10}},"10":{"start":{"line":22,"column":21},"end":{"line":22,"column":72}},"11":{"start":{"line":23,"column":8},"end":{"line":23,"column":20}},"12":{"start":{"line":25,"column":8},"end":{"line":28,"column":9}},"13":{"start":{"line":26,"column":12},"end":{"line":26,"column":34}},"14":{"start":{"line":27,"column":12},"end":{"line":27,"column":25}},"15":{"start":{"line":32,"column":8},"end":{"line":34,"column":11}},"16":{"start":{"line":33,"column":12},"end":{"line":33,"column":40}},"17":{"start":{"line":36,"column":8},"end":{"line":38,"column":11}},"18":{"start":{"line":37,"column":12},"end":{"line":37,"column":71}},"19":{"start":{"line":42,"column":8},"end":{"line":48,"column":15}},"20":{"start":{"line":44,"column":16},"end":{"line":44,"column":72}},"21":{"start":{"line":47,"column":16},"end":{"line":47,"column":74}},"22":{"start":{"line":52,"column":8},"end":{"line":55,"column":10}},"23":{"start":{"line":57,"column":31},"end":{"line":57,"column":51}},"24":{"start":{"line":59,"column":8},"end":{"line":61,"column":11}},"25":{"start":{"line":60,"column":12},"end":{"line":60,"column":58}},"26":{"start":{"line":63,"column":8},"end":{"line":65,"column":11}},"27":{"start":{"line":64,"column":12},"end":{"line":64,"column":49}},"28":{"start":{"line":67,"column":8},"end":{"line":69,"column":11}},"29":{"start":{"line":68,"column":12},"end":{"line":68,"column":46}},"30":{"start":{"line":71,"column":8},"end":{"line":76,"column":11}},"31":{"start":{"line":72,"column":12},"end":{"line":75,"column":15}},"32":{"start":{"line":73,"column":16},"end":{"line":73,"column":78}},"33":{"start":{"line":74,"column":16},"end":{"line":74,"column":32}},"34":{"start":{"line":80,"column":0},"end":{"line":80,"column":34}}},"fnMap":{"0":{"name":"_interopRequireDefault","decl":{"start":{"line":1,"column":23},"end":{"line":1,"column":45}},"loc":{"start":{"line":1,"column":51},"end":{"line":1,"column":109}},"line":1},"1":{"name":"(anonymous_1)","decl":{"start":{"line":13,"column":4},"end":{"line":13,"column":5}},"loc":{"start":{"line":13,"column":18},"end":{"line":29,"column":5}},"line":13},"2":{"name":"(anonymous_2)","decl":{"start":{"line":31,"column":5},"end":{"line":31,"column":6}},"loc":{"start":{"line":31,"column":12},"end":{"line":39,"column":5}},"line":31},"3":{"name":"(anonymous_3)","decl":{"start":{"line":32,"column":27},"end":{"line":32,"column":28}},"loc":{"start":{"line":32,"column":38},"end":{"line":34,"column":9}},"line":32},"4":{"name":"(anonymous_4)","decl":{"start":{"line":36,"column":27},"end":{"line":36,"column":28}},"loc":{"start":{"line":36,"column":38},"end":{"line":38,"column":9}},"line":36},"5":{"name":"(anonymous_5)","decl":{"start":{"line":41,"column":5},"end":{"line":41,"column":6}},"loc":{"start":{"line":41,"column":22},"end":{"line":49,"column":5}},"line":41},"6":{"name":"(anonymous_6)","decl":{"start":{"line":43,"column":18},"end":{"line":43,"column":19}},"loc":{"start":{"line":43,"column":24},"end":{"line":45,"column":13}},"line":43},"7":{"name":"(anonymous_7)","decl":{"start":{"line":46,"column":19},"end":{"line":46,"column":20}},"loc":{"start":{"line":46,"column":28},"end":{"line":48,"column":13}},"line":46},"8":{"name":"(anonymous_8)","decl":{"start":{"line":51,"column":5},"end":{"line":51,"column":6}},"loc":{"start":{"line":51,"column":13},"end":{"line":77,"column":5}},"line":51},"9":{"name":"(anonymous_9)","decl":{"start":{"line":59,"column":35},"end":{"line":59,"column":36}},"loc":{"start":{"line":59,"column":41},"end":{"line":61,"column":9}},"line":59},"10":{"name":"(anonymous_10)","decl":{"start":{"line":63,"column":38},"end":{"line":63,"column":39}},"loc":{"start":{"line":63,"column":44},"end":{"line":65,"column":9}},"line":63},"11":{"name":"(anonymous_11)","decl":{"start":{"line":67,"column":31},"end":{"line":67,"column":32}},"loc":{"start":{"line":67,"column":36},"end":{"line":69,"column":9}},"line":67},"12":{"name":"(anonymous_12)","decl":{"start":{"line":71,"column":29},"end":{"line":71,"column":30}},"loc":{"start":{"line":71,"column":35},"end":{"line":76,"column":9}},"line":71},"13":{"name":"(anonymous_13)","decl":{"start":{"line":72,"column":29},"end":{"line":72,"column":30}},"loc":{"start":{"line":72,"column":35},"end":{"line":75,"column":13}},"line":72}},"branchMap":{"0":{"loc":{"start":{"line":1,"column":60},"end":{"line":1,"column":106}},"type":"cond-expr","locations":[{"start":{"line":1,"column":84},"end":{"line":1,"column":87}},{"start":{"line":1,"column":90},"end":{"line":1,"column":106}}],"line":1},"1":{"loc":{"start":{"line":1,"column":60},"end":{"line":1,"column":81}},"type":"binary-expr","locations":[{"start":{"line":1,"column":60},"end":{"line":1,"column":63}},{"start":{"line":1,"column":67},"end":{"line":1,"column":81}}],"line":1},"2":{"loc":{"start":{"line":25,"column":8},"end":{"line":28,"column":9}},"type":"if","locations":[{"start":{"line":25,"column":8},"end":{"line":28,"column":9}},{"start":{"line":25,"column":8},"end":{"line":28,"column":9}}],"line":25},"3":{"loc":{"start":{"line":37,"column":12},"end":{"line":37,"column":70}},"type":"binary-expr","locations":[{"start":{"line":37,"column":12},"end":{"line":37,"column":27}},{"start":{"line":37,"column":31},"end":{"line":37,"column":70}}],"line":37}},"s":{"0":2,"1":1,"2":1,"3":1,"4":1,"5":1,"6":1,"7":1,"8":1,"9":1,"10":1,"11":1,"12":1,"13":0,"14":0,"15":1,"16":3,"17":1,"18":3,"19":0,"20":0,"21":0,"22":0,"23":0,"24":0,"25":0,"26":0,"27":0,"28":0,"29":0,"30":0,"31":0,"32":0,"33":0,"34":1},"f":{"0":2,"1":1,"2":1,"3":3,"4":3,"5":0,"6":0,"7":0,"8":0,"9":0,"10":0,"11":0,"12":0,"13":0},"b":{"0":[1,1],"1":[2,2],"2":[0,1],"3":[3,2]},"_coverageSchema":"43e27e138ebf9cfc5966b082cf9a028302ed4184","hash":"0f16ff6e4000912da8f6af9548e383b1937467e6"}
}
