TN:
SF:C:\Users\Gabriel Carvalho\Projetos\curso-node-react\node\modulo-002\src\app.ts
FN:1,_interopRequireDefault
FN:12,(anonymous_1)
FN:18,(anonymous_2)
FN:27,(anonymous_3)
FN:28,(anonymous_4)
FNF:5
FNH:5
FNDA:4,_interopRequireDefault
FNDA:1,(anonymous_1)
FNDA:1,(anonymous_2)
FNDA:1,(anonymous_3)
FNDA:7,(anonymous_4)
DA:1,4
DA:2,1
DA:3,1
DA:4,1
DA:6,1
DA:13,1
DA:14,1
DA:15,1
DA:19,1
DA:20,1
DA:21,1
DA:28,1
DA:29,7
DA:34,1
LF:14
LH:14
BRDA:1,0,0,1
BRDA:1,0,1,3
BRDA:1,1,0,4
BRDA:1,1,1,4
BRF:4
BRH:4
end_of_record
TN:
SF:C:\Users\Gabriel Carvalho\Projetos\curso-node-react\node\modulo-002\src\routes.ts
FN:1,_interopRequireDefault
FNF:1
FNH:1
FNDA:7,_interopRequireDefault
DA:1,7
DA:2,1
DA:3,1
DA:4,1
DA:5,1
DA:6,1
DA:7,1
DA:8,1
DA:11,1
DA:21,1
LF:10
LH:10
BRDA:1,0,0,7
BRDA:1,0,1,0
BRDA:1,1,0,7
BRDA:1,1,1,7
BRF:4
BRH:3
end_of_record
TN:
SF:C:\Users\Gabriel Carvalho\Projetos\curso-node-react\node\modulo-002\src\app\core\appointment\appointment-controller.ts
FN:1,_interopRequireDefault
FN:20,(anonymous_1)
FN:49,(anonymous_2)
FN:112,(anonymous_3)
FNF:4
FNH:1
FNDA:6,_interopRequireDefault
FNDA:0,(anonymous_1)
FNDA:0,(anonymous_2)
FNDA:0,(anonymous_3)
DA:1,6
DA:9,1
DA:10,1
DA:11,1
DA:12,1
DA:13,1
DA:14,1
DA:15,1
DA:16,1
DA:21,0
DA:24,0
DA:46,0
DA:50,0
DA:51,0
DA:54,0
DA:55,0
DA:59,0
DA:60,0
DA:65,0
DA:66,0
DA:68,0
DA:69,0
DA:72,0
DA:85,0
DA:86,0
DA:91,0
DA:97,0
DA:98,0
DA:104,0
DA:109,0
DA:113,0
DA:115,0
DA:117,0
DA:118,0
DA:123,0
DA:125,0
DA:126,0
DA:131,0
DA:133,0
DA:135,0
DA:140,1
LF:41
LH:10
BRDA:1,0,0,5
BRDA:1,0,1,1
BRDA:1,1,0,6
BRDA:1,1,1,6
BRDA:21,2,0,0
BRDA:50,3,0,0
BRDA:50,3,1,0
BRDA:59,4,0,0
BRDA:59,4,1,0
BRDA:68,5,0,0
BRDA:68,5,1,0
BRDA:85,6,0,0
BRDA:85,6,1,0
BRDA:117,7,0,0
BRDA:117,7,1,0
BRDA:125,8,0,0
BRDA:125,8,1,0
BRF:17
BRH:4
end_of_record
TN:
SF:C:\Users\Gabriel Carvalho\Projetos\curso-node-react\node\modulo-002\src\app\core\appointment\routes.ts
FN:1,_interopRequireDefault
FNF:1
FNH:1
FNDA:2,_interopRequireDefault
DA:1,2
DA:2,1
DA:3,1
DA:5,1
DA:7,1
DA:8,1
DA:9,1
DA:11,1
LF:8
LH:8
BRDA:1,0,0,2
BRDA:1,0,1,0
BRDA:1,1,0,2
BRDA:1,1,1,2
BRF:4
BRH:3
end_of_record
TN:
SF:C:\Users\Gabriel Carvalho\Projetos\curso-node-react\node\modulo-002\src\app\core\appointment\scope.ts
FN:1,_interopRequireWildcard
FN:10,(anonymous_1)
FNF:2
FNH:1
FNDA:1,_interopRequireWildcard
FNDA:0,(anonymous_1)
DA:1,1
DA:9,1
DA:11,0
DA:15,0
DA:19,1
LF:5
LH:3
BRDA:1,0,0,1
BRDA:1,0,1,0
BRDA:1,1,0,1
BRDA:1,1,1,1
BRDA:1,2,0,0
BRDA:1,2,1,0
BRDA:1,3,0,0
BRDA:1,3,1,0
BRF:8
BRH:3
end_of_record
TN:
SF:C:\Users\Gabriel Carvalho\Projetos\curso-node-react\node\modulo-002\src\app\core\file\file-controller.ts
FN:1,_interopRequireDefault
FN:5,(anonymous_1)
FNF:2
FNH:1
FNDA:1,_interopRequireDefault
FNDA:0,(anonymous_1)
DA:1,1
DA:2,1
DA:6,0
DA:8,0
DA:14,0
DA:18,1
LF:6
LH:3
BRDA:1,0,0,1
BRDA:1,0,1,0
BRDA:1,1,0,1
BRDA:1,1,1,1
BRF:4
BRH:3
end_of_record
TN:
SF:C:\Users\Gabriel Carvalho\Projetos\curso-node-react\node\modulo-002\src\app\core\file\routes.ts
FN:1,_interopRequireDefault
FNF:1
FNH:1
FNDA:4,_interopRequireDefault
DA:1,4
DA:3,1
DA:4,1
DA:5,1
DA:6,1
DA:8,1
DA:11,1
DA:13,1
DA:15,1
LF:9
LH:9
BRDA:1,0,0,3
BRDA:1,0,1,1
BRDA:1,1,0,4
BRDA:1,1,1,4
BRF:4
BRH:4
end_of_record
TN:
SF:C:\Users\Gabriel Carvalho\Projetos\curso-node-react\node\modulo-002\src\app\core\notification\notification-controller.ts
FN:1,_interopRequireDefault
FN:6,(anonymous_1)
FN:23,(anonymous_2)
FNF:3
FNH:1
FNDA:2,_interopRequireDefault
FNDA:0,(anonymous_1)
FNDA:0,(anonymous_2)
DA:1,2
DA:3,1
DA:7,0
DA:9,0
DA:13,0
DA:14,0
DA:19,0
DA:20,0
DA:25,0
DA:31,0
DA:35,1
LF:11
LH:3
BRDA:1,0,0,2
BRDA:1,0,1,0
BRDA:1,1,0,2
BRDA:1,1,1,2
BRDA:13,2,0,0
BRDA:13,2,1,0
BRF:6
BRH:3
end_of_record
TN:
SF:C:\Users\Gabriel Carvalho\Projetos\curso-node-react\node\modulo-002\src\app\core\notification\routes.ts
FN:1,_interopRequireDefault
FNF:1
FNH:1
FNDA:2,_interopRequireDefault
DA:1,2
DA:2,1
DA:3,1
DA:5,1
DA:7,1
DA:8,1
DA:10,1
LF:7
LH:7
BRDA:1,0,0,2
BRDA:1,0,1,0
BRDA:1,1,0,2
BRDA:1,1,1,2
BRF:4
BRH:3
end_of_record
TN:
SF:C:\Users\Gabriel Carvalho\Projetos\curso-node-react\node\modulo-002\src\app\core\provider\provider-controller.ts
FN:1,_interopRequireDefault
FN:7,(anonymous_1)
FNF:2
FNH:1
FNDA:2,_interopRequireDefault
FNDA:0,(anonymous_1)
DA:1,2
DA:2,1
DA:3,1
DA:8,0
DA:9,0
DA:22,0
DA:27,1
LF:7
LH:4
BRDA:1,0,0,2
BRDA:1,0,1,0
BRDA:1,1,0,2
BRDA:1,1,1,2
BRF:4
BRH:3
end_of_record
TN:
SF:C:\Users\Gabriel Carvalho\Projetos\curso-node-react\node\modulo-002\src\app\core\provider\routes.ts
FN:1,_interopRequireDefault
FNF:1
FNH:1
FNDA:1,_interopRequireDefault
DA:1,1
DA:2,1
DA:4,1
DA:6,1
DA:8,1
LF:5
LH:5
BRDA:1,0,0,1
BRDA:1,0,1,0
BRDA:1,1,0,1
BRDA:1,1,1,1
BRF:4
BRH:3
end_of_record
TN:
SF:C:\Users\Gabriel Carvalho\Projetos\curso-node-react\node\modulo-002\src\app\core\schedule\routes.ts
FN:1,_interopRequireDefault
FNF:1
FNH:1
FNDA:2,_interopRequireDefault
DA:1,2
DA:2,1
DA:3,1
DA:5,1
DA:7,1
DA:9,1
LF:6
LH:6
BRDA:1,0,0,2
BRDA:1,0,1,0
BRDA:1,1,0,2
BRDA:1,1,1,2
BRF:4
BRH:3
end_of_record
TN:
SF:C:\Users\Gabriel Carvalho\Projetos\curso-node-react\node\modulo-002\src\app\core\schedule\schedule-controller.ts
FN:1,_interopRequireDefault
FN:8,(anonymous_1)
FNF:2
FNH:1
FNDA:2,_interopRequireDefault
FNDA:0,(anonymous_1)
DA:1,2
DA:2,1
DA:3,1
DA:4,1
DA:5,1
DA:9,0
DA:16,0
DA:17,0
DA:22,0
DA:23,0
DA:25,0
DA:39,0
DA:43,1
LF:13
LH:6
BRDA:1,0,0,2
BRDA:1,0,1,0
BRDA:1,1,0,2
BRDA:1,1,1,2
BRDA:16,2,0,0
BRDA:16,2,1,0
BRF:6
BRH:3
end_of_record
TN:
SF:C:\Users\Gabriel Carvalho\Projetos\curso-node-react\node\modulo-002\src\app\core\session\routes.ts
FN:1,_interopRequireDefault
FNF:1
FNH:1
FNDA:1,_interopRequireDefault
DA:1,1
DA:2,1
DA:4,1
DA:6,1
DA:8,1
LF:5
LH:5
BRDA:1,0,0,1
BRDA:1,0,1,0
BRDA:1,1,0,1
BRDA:1,1,1,1
BRF:4
BRH:3
end_of_record
TN:
SF:C:\Users\Gabriel Carvalho\Projetos\curso-node-react\node\modulo-002\src\app\core\session\session-controller.ts
FN:1,_interopRequireWildcard
FN:1,_interopRequireDefault
FN:8,(anonymous_2)
FNF:3
FNH:3
FNDA:1,_interopRequireWildcard
FNDA:2,_interopRequireDefault
FNDA:4,(anonymous_2)
DA:1,2
DA:2,1
DA:4,1
DA:5,1
DA:9,4
DA:19,4
DA:20,1
DA:22,3
DA:23,3
DA:25,3
DA:26,1
DA:29,2
DA:30,1
DA:33,1
DA:35,1
DA:49,1
LF:16
LH:16
BRDA:1,0,0,1
BRDA:1,0,1,0
BRDA:1,1,0,1
BRDA:1,1,1,1
BRDA:1,2,0,0
BRDA:1,2,1,0
BRDA:1,3,0,0
BRDA:1,3,1,0
BRDA:1,4,0,1
BRDA:1,4,1,1
BRDA:1,5,0,2
BRDA:1,5,1,2
BRDA:19,6,0,1
BRDA:19,6,1,3
BRDA:25,7,0,1
BRDA:25,7,1,2
BRDA:29,8,0,1
BRDA:29,8,1,1
BRF:18
BRH:13
end_of_record
TN:
SF:C:\Users\Gabriel Carvalho\Projetos\curso-node-react\node\modulo-002\src\app\core\user\routes.ts
FN:1,_interopRequireDefault
FNF:1
FNH:1
FNDA:2,_interopRequireDefault
DA:1,2
DA:3,1
DA:4,1
DA:6,1
DA:8,1
DA:9,1
DA:11,1
LF:7
LH:7
BRDA:1,0,0,2
BRDA:1,0,1,0
BRDA:1,1,0,2
BRDA:1,1,1,2
BRF:4
BRH:3
end_of_record
TN:
SF:C:\Users\Gabriel Carvalho\Projetos\curso-node-react\node\modulo-002\src\app\core\user\scope.ts
FN:1,_interopRequireWildcard
FN:12,(anonymous_1)
FN:22,(anonymous_2)
FN:29,(anonymous_3)
FN:33,(anonymous_4)
FNF:5
FNH:1
FNDA:1,_interopRequireWildcard
FNDA:0,(anonymous_1)
FNDA:0,(anonymous_2)
FNDA:0,(anonymous_3)
FNDA:0,(anonymous_4)
DA:1,1
DA:11,1
DA:13,0
DA:19,0
DA:23,0
DA:29,0
DA:34,0
DA:38,0
DA:42,1
LF:9
LH:3
BRDA:1,0,0,1
BRDA:1,0,1,0
BRDA:1,1,0,1
BRDA:1,1,1,1
BRDA:1,2,0,0
BRDA:1,2,1,0
BRDA:1,3,0,0
BRDA:1,3,1,0
BRDA:29,4,0,0
BRDA:29,4,1,0
BRDA:34,5,0,0
BRDA:34,5,1,0
BRF:12
BRH:3
end_of_record
TN:
SF:C:\Users\Gabriel Carvalho\Projetos\curso-node-react\node\modulo-002\src\app\core\user\user-controller.ts
FN:1,_interopRequireDefault
FN:6,(anonymous_1)
FN:27,(anonymous_2)
FNF:3
FNH:1
FNDA:2,_interopRequireDefault
FNDA:0,(anonymous_1)
FNDA:0,(anonymous_2)
DA:1,2
DA:3,1
DA:8,0
DA:9,0
DA:12,0
DA:13,0
DA:14,0
DA:17,0
DA:18,0
DA:29,0
DA:30,0
DA:33,0
DA:34,0
DA:36,0
DA:38,0
DA:39,0
DA:40,0
DA:41,0
DA:45,0
DA:46,0
DA:49,0
DA:51,0
DA:61,1
LF:23
LH:3
BRDA:1,0,0,2
BRDA:1,0,1,0
BRDA:1,1,0,2
BRDA:1,1,1,2
BRDA:8,2,0,0
BRDA:8,2,1,0
BRDA:13,3,0,0
BRDA:13,3,1,0
BRDA:17,4,0,0
BRDA:17,4,1,0
BRDA:29,5,0,0
BRDA:29,5,1,0
BRDA:38,6,0,0
BRDA:38,6,1,0
BRDA:40,7,0,0
BRDA:40,7,1,0
BRDA:45,8,0,0
BRDA:45,8,1,0
BRDA:45,9,0,0
BRDA:45,9,1,0
BRF:20
BRH:3
end_of_record
TN:
SF:C:\Users\Gabriel Carvalho\Projetos\curso-node-react\node\modulo-002\src\app\middlewares\auth.ts
FN:1,_interopRequireDefault
FN:6,(anonymous_1)
FNF:2
FNH:1
FNDA:1,_interopRequireDefault
FNDA:0,(anonymous_1)
DA:1,1
DA:2,1
DA:3,1
DA:4,1
DA:6,1
DA:7,0
DA:8,0
DA:9,0
DA:12,0
DA:14,0
DA:16,0
DA:17,0
DA:18,0
DA:22,0
LF:14
LH:5
BRDA:1,0,0,0
BRDA:1,0,1,1
BRDA:1,1,0,1
BRDA:1,1,1,1
BRDA:8,2,0,0
BRDA:8,2,1,0
BRF:6
BRH:3
end_of_record
TN:
SF:C:\Users\Gabriel Carvalho\Projetos\curso-node-react\node\modulo-002\src\app\models\appointment.ts
FN:4,(anonymous_0)
FN:14,(anonymous_1)
FNF:2
FNH:2
FNDA:1,(anonymous_0)
FNDA:1,(anonymous_1)
DA:1,1
DA:5,1
DA:15,1
DA:16,1
DA:20,1
LF:5
LH:5
BRF:0
BRH:0
end_of_record
TN:
SF:C:\Users\Gabriel Carvalho\Projetos\curso-node-react\node\modulo-002\src\app\models\file.ts
FN:4,(anonymous_0)
FNF:1
FNH:1
FNDA:1,(anonymous_0)
DA:1,1
DA:5,1
DA:16,1
LF:3
LH:3
BRF:0
BRH:0
end_of_record
TN:
SF:C:\Users\Gabriel Carvalho\Projetos\curso-node-react\node\modulo-002\src\app\models\index.ts
FN:1,_interopRequireDefault
FNF:1
FNH:1
FNDA:3,_interopRequireDefault
DA:1,3
DA:2,1
DA:3,1
DA:4,1
DA:6,1
DA:8,1
DA:15,1
DA:21,1
LF:8
LH:8
BRDA:1,0,0,3
BRDA:1,0,1,0
BRDA:1,1,0,3
BRDA:1,1,1,3
BRF:4
BRH:3
end_of_record
TN:
SF:C:\Users\Gabriel Carvalho\Projetos\curso-node-react\node\modulo-002\src\app\models\user.ts
FN:1,_interopRequireDefault
FN:6,(anonymous_1)
FN:18,(anonymous_2)
FN:25,(anonymous_3)
FN:29,(anonymous_4)
FNF:5
FNH:5
FNDA:1,_interopRequireDefault
FNDA:1,(anonymous_1)
FNDA:4,(anonymous_2)
FNDA:1,(anonymous_3)
FNDA:2,(anonymous_4)
DA:1,1
DA:2,1
DA:3,1
DA:7,1
DA:18,1
DA:19,4
DA:20,4
DA:26,1
DA:30,2
DA:34,1
LF:10
LH:10
BRDA:1,0,0,0
BRDA:1,0,1,1
BRDA:1,1,0,1
BRDA:1,1,1,1
BRDA:19,2,0,4
BRDA:19,2,1,0
BRF:6
BRH:4
end_of_record
TN:
SF:C:\Users\Gabriel Carvalho\Projetos\curso-node-react\node\modulo-002\src\app\schemas\notifications.ts
FN:1,_interopRequireDefault
FNF:1
FNH:1
FNDA:1,_interopRequireDefault
DA:1,1
DA:3,1
DA:21,1
LF:3
LH:3
BRDA:1,0,0,0
BRDA:1,0,1,1
BRDA:1,1,0,1
BRDA:1,1,1,1
BRF:4
BRH:3
end_of_record
TN:
SF:C:\Users\Gabriel Carvalho\Projetos\curso-node-react\node\modulo-002\src\config\database.js
FNF:0
FNH:0
DA:1,1
DA:6,1
DA:20,1
LF:3
LH:3
BRDA:2,0,0,1
BRDA:2,0,1,0
BRF:2
BRH:1
end_of_record
TN:
SF:C:\Users\Gabriel Carvalho\Projetos\curso-node-react\node\modulo-002\src\config\keys.expample.ts
FNF:0
FNH:0
DA:1,1
DA:4,1
LF:2
LH:2
BRF:0
BRH:0
end_of_record
TN:
SF:C:\Users\Gabriel Carvalho\Projetos\curso-node-react\node\modulo-002\src\config\keys.ts
FNF:0
FNH:0
DA:1,1
DA:4,1
LF:2
LH:2
BRF:0
BRH:0
end_of_record
TN:
SF:C:\Users\Gabriel Carvalho\Projetos\curso-node-react\node\modulo-002\src\config\multer.ts
FN:1,_interopRequireDefault
FN:9,(anonymous_1)
FN:10,(anonymous_2)
FNF:3
FNH:1
FNDA:2,_interopRequireDefault
FNDA:0,(anonymous_1)
FNDA:0,(anonymous_2)
DA:1,2
DA:2,1
DA:3,1
DA:6,1
DA:10,0
DA:11,0
DA:13,0
LF:7
LH:4
BRDA:1,0,0,0
BRDA:1,0,1,2
BRDA:1,1,0,2
BRDA:1,1,1,2
BRDA:11,2,0,0
BRDA:11,2,1,0
BRF:6
BRH:3
end_of_record
TN:
SF:C:\Users\Gabriel Carvalho\Projetos\curso-node-react\node\modulo-002\src\database\index.ts
FN:1,_interopRequireDefault
FN:13,(anonymous_1)
FN:31,(anonymous_2)
FN:32,(anonymous_3)
FN:36,(anonymous_4)
FN:41,(anonymous_5)
FN:43,(anonymous_6)
FN:46,(anonymous_7)
FN:51,(anonymous_8)
FN:59,(anonymous_9)
FN:63,(anonymous_10)
FN:67,(anonymous_11)
FN:71,(anonymous_12)
FN:72,(anonymous_13)
FNF:14
FNH:5
FNDA:2,_interopRequireDefault
FNDA:1,(anonymous_1)
FNDA:1,(anonymous_2)
FNDA:3,(anonymous_3)
FNDA:3,(anonymous_4)
FNDA:0,(anonymous_5)
FNDA:0,(anonymous_6)
FNDA:0,(anonymous_7)
FNDA:0,(anonymous_8)
FNDA:0,(anonymous_9)
FNDA:0,(anonymous_10)
FNDA:0,(anonymous_11)
FNDA:0,(anonymous_12)
FNDA:0,(anonymous_13)
DA:1,2
DA:2,1
DA:3,1
DA:6,1
DA:14,1
DA:15,1
DA:22,1
DA:23,1
DA:25,1
DA:26,0
DA:27,0
DA:32,1
DA:33,3
DA:36,1
DA:37,3
DA:42,0
DA:44,0
DA:47,0
DA:52,0
DA:57,0
DA:59,0
DA:60,0
DA:63,0
DA:64,0
DA:67,0
DA:68,0
DA:71,0
DA:72,0
DA:73,0
DA:74,0
DA:80,1
LF:31
LH:14
BRDA:1,0,0,1
BRDA:1,0,1,1
BRDA:1,1,0,2
BRDA:1,1,1,2
BRDA:25,2,0,0
BRDA:25,2,1,1
BRDA:37,3,0,3
BRDA:37,3,1,2
BRF:8
BRH:7
end_of_record
